2017-11-14 13:16:43,191 [main] INFO AirwatchRun - name_of_product0Product331
2017-11-14 13:16:43,468 [main] INFO AirwatchRun - Username Entered.
2017-11-14 13:16:43,534 [main] INFO AirwatchRun - Password Entered.
2017-11-14 13:16:47,228 [main] INFO AirwatchRun - Sumbit Button Clicked.
2017-11-14 13:17:00,985 [main] INFO AirwatchRun - checking Popup Dialog is present or not in the console.
2017-11-14 13:17:00,986 [main] INFO AirwatchRun -  Popup dialog Appearence in the Airwatch Console ==> false
2017-11-14 13:17:03,208 [main] INFO AirwatchRun - Clicking Staging and Provisioning Menu
2017-11-14 13:17:05,384 [main] INFO AirwatchRun - Product List view clicked
2017-11-14 13:17:16,415 [main] INFO AirwatchRun - fastcoke product is selected
2017-11-14 13:17:18,548 [main] INFO AirwatchRun - Edit button clicked
2017-11-14 13:17:20,699 [main] INFO AirwatchRun - Edit Rules Cliked
2017-11-14 13:17:29,093 [main] INFO AirwatchRun - Add Logical operator is clicked
2017-11-14 13:17:32,837 [main] INFO AirwatchRun - Add Rule button is clicked
2017-11-14 13:17:53,434 [main] INFO AirwatchRun - Save button clicked
2017-11-14 13:18:01,586 [main] INFO AirwatchRun - Activate button Clicked.
2017-11-14 13:18:03,730 [main] INFO AirwatchRun - Fianl Activate button clicked.
2017-11-14 13:18:07,015 [main] INFO AirwatchRun - List View Menu clicked.
2017-11-14 13:18:31,167 [main] INFO AirwatchRun - More dropDown Menu clicked.
2017-11-14 13:18:33,296 [main] INFO AirwatchRun - Products option Selected  in dropdown.
2017-11-14 13:19:05,533 [main] INFO AirwatchRun - Succesfully the product is queued and Succes Text file is created...
2017-11-14 13:19:05,533 [main] INFO AirwatchRun - Product ==> 01 ==> is Queued found.
2017-11-14 13:19:05,533 [main] INFO AirwatchRun - name_of_product1Test_Product_CopySmallFile
2017-11-14 13:20:08,272 [main] ERROR AirwatchRun - An Exception has occured in getElement method --> org.openqa.selenium.TimeoutException: Timed out after 60 seconds waiting for visibility of element located by By.xpath: //*[@id="UserName"]
Build info: version: '2.53.0', revision: '35ae25b', time: '2016-03-15 17:00:58'
System info: host: 'MUMD20193', ip: '10.207.13.37', os.name: 'Windows 7', os.arch: 'x86', os.version: '6.1', java.version: '1.8.0_25'
Driver info: org.openqa.selenium.chrome.ChromeDriver
Capabilities [{applicationCacheEnabled=false, rotatable=false, mobileEmulationEnabled=false, networkConnectionEnabled=false, chrome={chromedriverVersion=2.24.417431 (9aea000394714d2fbb20850021f6204f2256b9cf), userDataDir=C:\Users\BCHELL~1.COR\AppData\Local\Temp\scoped_dir15328_5072}, takesHeapSnapshot=true, pageLoadStrategy=normal, databaseEnabled=false, handlesAlerts=true, hasTouchScreen=false, version=61.0.3163.100, platform=XP, browserConnectionEnabled=false, nativeEvents=true, acceptSslCerts=true, locationContextEnabled=true, webStorageEnabled=true, browserName=chrome, takesScreenshot=true, javascriptEnabled=true, cssSelectorsEnabled=true}]
Session ID: 27b82e5d4d2600614d9fcfa2ca38ba42
2017-11-14 13:33:21,236 [main] INFO AirwatchRun - Username Entered.
2017-11-14 13:33:21,320 [main] INFO AirwatchRun - Password Entered.
2017-11-14 13:33:23,444 [main] INFO AirwatchRun - Sumbit Button Clicked.
2017-11-14 13:33:44,939 [main] INFO AirwatchRun - checking Popup Dialog is present or not in the console.
2017-11-14 13:33:44,940 [main] INFO AirwatchRun -  Popup dialog Appearence in the Airwatch Console ==> false
2017-11-14 13:33:47,134 [main] INFO AirwatchRun - Clicking Staging and Provisioning Menu
2017-11-14 13:33:49,288 [main] INFO AirwatchRun - Product List view clicked
2017-11-14 13:34:45,831 [main] INFO AirwatchRun - Username Entered.
2017-11-14 13:34:45,900 [main] INFO AirwatchRun - Password Entered.
2017-11-14 13:34:48,009 [main] INFO AirwatchRun - Sumbit Button Clicked.
2017-11-14 13:35:04,648 [main] INFO AirwatchRun - checking Popup Dialog is present or not in the console.
2017-11-14 13:35:04,648 [main] INFO AirwatchRun -  Popup dialog Appearence in the Airwatch Console ==> false
2017-11-14 13:35:06,858 [main] INFO AirwatchRun - Clicking Staging and Provisioning Menu
2017-11-14 13:35:08,997 [main] INFO AirwatchRun - Product List view clicked
2017-11-14 13:35:20,579 [main] INFO AirwatchRun - fastcoke product is selected
2017-11-14 13:35:22,755 [main] INFO AirwatchRun - Edit button clicked
2017-11-14 13:35:24,862 [main] INFO AirwatchRun - Edit Rules Cliked
2017-11-14 13:36:00,529 [main] INFO AirwatchRun - Add Logical operator is clicked
2017-11-14 13:36:04,746 [main] INFO AirwatchRun - Add Rule button is clicked
2017-11-14 13:36:23,985 [main] INFO AirwatchRun - Save button clicked
2017-11-14 13:36:28,862 [main] INFO AirwatchRun - Activate button Clicked.
2017-11-14 13:36:30,991 [main] INFO AirwatchRun - Fianl Activate button clicked.
2017-11-14 13:36:34,234 [main] INFO AirwatchRun - List View Menu clicked.
2017-11-14 13:36:57,777 [main] INFO AirwatchRun - More dropDown Menu clicked.
2017-11-14 13:36:59,889 [main] INFO AirwatchRun - Products option Selected  in dropdown.
2017-11-14 13:37:32,624 [main] INFO AirwatchRun - Succesfully the product is queued and Succes Text file is created...
2017-11-14 13:37:32,624 [main] INFO AirwatchRun - Product ==> 01 ==> is Queued found.
2017-11-14 13:37:34,754 [main] INFO AirwatchRun - Clicking Staging and Provisioning Menu
2017-11-14 13:37:36,906 [main] INFO AirwatchRun - Product List view clicked
2017-11-14 13:37:48,109 [main] INFO AirwatchRun - fastcoke product is selected
2017-11-14 13:37:50,311 [main] INFO AirwatchRun - Edit button clicked
2017-11-14 13:37:52,478 [main] INFO AirwatchRun - Edit Rules Cliked
2017-11-14 13:37:57,227 [main] INFO AirwatchRun - Add Logical operator is clicked
2017-11-14 13:38:00,847 [main] INFO AirwatchRun - Add Rule button is clicked
2017-11-14 13:38:21,296 [main] INFO AirwatchRun - Save button clicked
2017-11-14 13:38:25,961 [main] INFO AirwatchRun - Activate button Clicked.
2017-11-14 13:38:28,147 [main] INFO AirwatchRun - Fianl Activate button clicked.
2017-11-14 13:38:31,370 [main] INFO AirwatchRun - List View Menu clicked.
2017-11-14 13:38:45,565 [main] INFO AirwatchRun - More dropDown Menu clicked.
2017-11-14 13:38:47,678 [main] INFO AirwatchRun - Products option Selected  in dropdown.
2017-11-14 13:39:18,823 [main] INFO AirwatchRun - Succesfully the product is queued and Succes Text file is created...
2017-11-14 13:39:18,823 [main] INFO AirwatchRun - Product ==> 11 ==> is Queued found.
2017-11-14 13:39:18,823 [main] INFO AirwatchRun - Successfully Completed the Product queuing Process...
2017-11-14 13:49:01,898 [main] INFO AirwatchRun - Username Entered.
2017-11-14 13:49:01,970 [main] INFO AirwatchRun - Password Entered.
2017-11-14 13:49:04,088 [main] INFO AirwatchRun - Sumbit Button Clicked.
2017-11-14 13:49:17,956 [main] INFO AirwatchRun - checking Popup Dialog is present or not in the console.
2017-11-14 13:49:17,956 [main] INFO AirwatchRun -  Popup dialog Appearence in the Airwatch Console ==> false
2017-11-14 13:49:20,142 [main] INFO AirwatchRun - Clicking Staging and Provisioning Menu
2017-11-14 13:49:22,290 [main] INFO AirwatchRun - Product List view clicked
2017-11-14 13:49:33,061 [main] INFO AirwatchRun - fastcoke product is selected
2017-11-14 13:49:35,201 [main] INFO AirwatchRun - Edit button clicked
2017-11-14 13:49:37,361 [main] INFO AirwatchRun - Edit Rules Cliked
2017-11-14 13:49:44,130 [main] INFO AirwatchRun - Add Logical operator is clicked
2017-11-14 13:49:47,912 [main] INFO AirwatchRun - Add Rule button is clicked
2017-11-14 13:50:08,644 [main] INFO AirwatchRun - Save button clicked
2017-11-14 13:50:17,398 [main] INFO AirwatchRun - Activate button Clicked.
2017-11-14 13:50:19,589 [main] INFO AirwatchRun - Fianl Activate button clicked.
2017-11-14 13:50:22,339 [main] INFO AirwatchRun - List View Menu clicked.
2017-11-14 13:50:41,573 [main] INFO AirwatchRun - More dropDown Menu clicked.
2017-11-14 13:50:43,682 [main] INFO AirwatchRun - Products option Selected  in dropdown.
2017-11-14 13:51:15,734 [main] INFO AirwatchRun - Succesfully the product is queued and Succes Text file is created...
2017-11-14 13:51:15,734 [main] INFO AirwatchRun - Product ==> 01 ==> is Queued found.
2017-11-14 13:51:17,807 [main] INFO AirwatchRun - Clicking Staging and Provisioning Menu
2017-11-14 13:51:19,983 [main] INFO AirwatchRun - Product List view clicked
2017-11-14 13:51:30,867 [main] INFO AirwatchRun - fastcoke product is selected
2017-11-14 13:51:33,007 [main] INFO AirwatchRun - Edit button clicked
2017-11-14 13:51:35,191 [main] INFO AirwatchRun - Edit Rules Cliked
2017-11-14 13:51:44,616 [main] INFO AirwatchRun - Add Logical operator is clicked
2017-11-14 13:51:48,371 [main] INFO AirwatchRun - Add Rule button is clicked
2017-11-14 13:52:05,511 [main] INFO AirwatchRun - Save button clicked
2017-11-14 13:52:14,043 [main] INFO AirwatchRun - Activate button Clicked.
2017-11-14 13:52:16,209 [main] INFO AirwatchRun - Fianl Activate button clicked.
2017-11-14 13:52:19,544 [main] INFO AirwatchRun - List View Menu clicked.
2017-11-14 13:52:33,459 [main] INFO AirwatchRun - More dropDown Menu clicked.
2017-11-14 13:52:35,586 [main] INFO AirwatchRun - Products option Selected  in dropdown.
2017-11-14 13:53:07,309 [main] INFO AirwatchRun - Succesfully the product is queued and Succes Text file is created...
2017-11-14 13:53:07,310 [main] INFO AirwatchRun - Product ==> 11 ==> is Queued found.
2017-11-14 13:53:07,310 [main] INFO AirwatchRun - Successfully Completed the Product queuing Process...
2017-11-14 14:04:52,418 [main] ERROR AirwatchRun - An Exception has occured while reading the contents from Airwatch_parameter.txt file --> 
File '\MUMD20195\FreestyleSharing\Airwatch_Exe\TC_Details.txt' does not exist
2017-11-14 14:09:33,863 [main] INFO AirwatchRun - Username Entered.
2017-11-14 14:09:33,932 [main] INFO AirwatchRun - Password Entered.
2017-11-14 14:09:36,044 [main] INFO AirwatchRun - Sumbit Button Clicked.
2017-11-14 14:09:53,840 [main] ERROR AirwatchRun - An Exception has occured in doAction method --> org.openqa.selenium.WebDriverException: chrome not reachable
  (Session info: chrome=61.0.3163.100)
  (Driver info: chromedriver=2.24.417431 (9aea000394714d2fbb20850021f6204f2256b9cf),platform=Windows NT 6.1.7601 SP1 x86) (WARNING: The server did not provide any stacktrace information)
Command duration or timeout: 4.03 seconds
Build info: version: '2.53.0', revision: '35ae25b', time: '2016-03-15 17:00:58'
System info: host: 'MUMD20193', ip: '10.207.13.37', os.name: 'Windows 7', os.arch: 'x86', os.version: '6.1', java.version: '1.8.0_25'
Driver info: org.openqa.selenium.chrome.ChromeDriver
Capabilities [{applicationCacheEnabled=false, rotatable=false, mobileEmulationEnabled=false, networkConnectionEnabled=false, chrome={chromedriverVersion=2.24.417431 (9aea000394714d2fbb20850021f6204f2256b9cf), userDataDir=C:\Users\BCHELL~1.COR\AppData\Local\Temp\scoped_dir15232_2916}, takesHeapSnapshot=true, pageLoadStrategy=normal, databaseEnabled=false, handlesAlerts=true, hasTouchScreen=false, version=61.0.3163.100, platform=XP, browserConnectionEnabled=false, nativeEvents=true, acceptSslCerts=true, locationContextEnabled=true, webStorageEnabled=true, browserName=chrome, takesScreenshot=true, javascriptEnabled=true, cssSelectorsEnabled=true}]
Session ID: 4eab5c10fb9c1912555a87f3d784519b
2017-11-15 18:41:24,538 [main] INFO AirwatchRun - Username Entered.
2017-11-15 18:41:24,629 [main] INFO AirwatchRun - Password Entered.
2017-11-15 18:41:26,742 [main] INFO AirwatchRun - Sumbit Button Clicked.
2017-11-15 18:53:01,857 [main] INFO AirwatchRun - Username Entered.
2017-11-15 18:53:01,933 [main] INFO AirwatchRun - Password Entered.
2017-11-15 18:53:04,044 [main] INFO AirwatchRun - Sumbit Button Clicked.
2017-11-15 18:53:17,514 [main] INFO AirwatchRun - checking Popup Dialog is present or not in the console.
2017-11-15 18:53:17,515 [main] INFO AirwatchRun -  Popup dialog Appearence in the Airwatch Console ==> false
2017-11-15 18:53:19,775 [main] INFO AirwatchRun - Clicking Staging and Provisioning Menu
2017-11-15 18:53:21,930 [main] INFO AirwatchRun - Product List view clicked
2017-11-15 20:06:57,364 [main] INFO AirwatchRun - Username Entered.
2017-11-15 20:06:57,473 [main] INFO AirwatchRun - Password Entered.
2017-11-15 20:06:59,599 [main] INFO AirwatchRun - Sumbit Button Clicked.
2017-11-15 20:07:12,661 [main] INFO AirwatchRun - checking Popup Dialog is present or not in the console.
2017-11-15 20:07:12,662 [main] INFO AirwatchRun -  Popup dialog Appearence in the Airwatch Console ==> false
2017-11-15 20:07:14,919 [main] INFO AirwatchRun - Clicking Staging and Provisioning Menu
2017-11-15 20:07:17,067 [main] INFO AirwatchRun - Product List view clicked
2017-11-15 20:07:35,439 [main] ERROR AirwatchRun - An Exception has occured in getElement method --> org.openqa.selenium.WebDriverException: unknown error: cannot get automation extension
from unknown error: page could not be found: chrome-extension://aapnijgdinlhnhlmodcfapnahmbfebeb/_generated_background_page.html
  (Session info: chrome=62.0.3202.94)
  (Driver info: chromedriver=2.24.417431 (9aea000394714d2fbb20850021f6204f2256b9cf),platform=Windows NT 6.1.7601 SP1 x86) (WARNING: The server did not provide any stacktrace information)
Command duration or timeout: 10.10 seconds
Build info: version: '2.53.0', revision: '35ae25b', time: '2016-03-15 17:00:58'
System info: host: 'MUMD20193', ip: '10.207.13.37', os.name: 'Windows 7', os.arch: 'x86', os.version: '6.1', java.version: '1.8.0_25'
Driver info: org.openqa.selenium.chrome.ChromeDriver
Capabilities [{applicationCacheEnabled=false, rotatable=false, mobileEmulationEnabled=false, networkConnectionEnabled=false, chrome={chromedriverVersion=2.24.417431 (9aea000394714d2fbb20850021f6204f2256b9cf), userDataDir=C:\Users\BCHELL~1.COR\AppData\Local\Temp\scoped_dir7068_32094}, takesHeapSnapshot=true, pageLoadStrategy=normal, databaseEnabled=false, handlesAlerts=true, hasTouchScreen=false, version=62.0.3202.94, platform=XP, browserConnectionEnabled=false, nativeEvents=true, acceptSslCerts=true, locationContextEnabled=true, webStorageEnabled=true, browserName=chrome, takesScreenshot=true, javascriptEnabled=true, cssSelectorsEnabled=true}]
Session ID: 606eabc0629c9561807c8f143c133d34
2017-11-15 20:08:43,069 [main] INFO AirwatchRun - Username Entered.
2017-11-15 20:08:43,138 [main] INFO AirwatchRun - Password Entered.
2017-11-15 20:08:45,254 [main] INFO AirwatchRun - Sumbit Button Clicked.
2017-11-15 20:08:57,880 [main] INFO AirwatchRun - checking Popup Dialog is present or not in the console.
2017-11-15 20:08:57,881 [main] INFO AirwatchRun -  Popup dialog Appearence in the Airwatch Console ==> false
2017-11-15 20:09:00,126 [main] INFO AirwatchRun - Clicking Staging and Provisioning Menu
2017-11-15 20:09:02,284 [main] INFO AirwatchRun - Product List view clicked
2017-11-15 20:09:12,144 [main] INFO AirwatchRun - fastcoke product is selected
2017-11-15 20:09:14,314 [main] INFO AirwatchRun - Edit button clicked
2017-11-15 20:09:16,458 [main] INFO AirwatchRun - Edit Rules Cliked
2017-11-15 20:09:24,751 [main] INFO AirwatchRun - Add Logical operator is clicked
2017-11-15 20:09:28,684 [main] INFO AirwatchRun - Add Rule button is clicked
2017-11-15 20:10:59,391 [main] INFO AirwatchRun - Username Entered.
2017-11-15 20:10:59,457 [main] INFO AirwatchRun - Password Entered.
2017-11-15 20:11:01,568 [main] INFO AirwatchRun - Sumbit Button Clicked.
2017-11-15 20:11:14,939 [main] INFO AirwatchRun - checking Popup Dialog is present or not in the console.
2017-11-15 20:11:14,939 [main] INFO AirwatchRun -  Popup dialog Appearence in the Airwatch Console ==> false
2017-11-15 20:11:17,177 [main] INFO AirwatchRun - Clicking Staging and Provisioning Menu
2017-11-15 20:11:19,330 [main] INFO AirwatchRun - Product List view clicked
2017-11-15 20:11:29,656 [main] INFO AirwatchRun - fastcoke product is selected
2017-11-15 20:11:31,823 [main] INFO AirwatchRun - Edit button clicked
2017-11-15 20:11:34,001 [main] INFO AirwatchRun - Edit Rules Cliked
2017-11-15 20:11:42,344 [main] INFO AirwatchRun - Add Logical operator is clicked
2017-11-15 20:11:46,280 [main] INFO AirwatchRun - Add Rule button is clicked
2017-11-15 20:13:49,303 [main] INFO AirwatchRun - Username Entered.
2017-11-15 20:13:49,368 [main] INFO AirwatchRun - Password Entered.
2017-11-15 20:13:51,482 [main] INFO AirwatchRun - Sumbit Button Clicked.
2017-11-15 20:14:07,105 [main] INFO AirwatchRun - checking Popup Dialog is present or not in the console.
2017-11-15 20:14:07,106 [main] INFO AirwatchRun -  Popup dialog Appearence in the Airwatch Console ==> false
2017-11-15 20:14:09,327 [main] INFO AirwatchRun - Clicking Staging and Provisioning Menu
2017-11-15 20:14:11,521 [main] INFO AirwatchRun - Product List view clicked
2017-11-15 20:14:22,367 [main] INFO AirwatchRun - fastcoke product is selected
2017-11-15 20:14:24,498 [main] INFO AirwatchRun - Edit button clicked
2017-11-15 20:14:26,648 [main] INFO AirwatchRun - Edit Rules Cliked
2017-11-15 20:14:34,933 [main] INFO AirwatchRun - Add Logical operator is clicked
2017-11-15 20:14:38,888 [main] INFO AirwatchRun - Add Rule button is clicked
2017-11-15 20:14:54,712 [main] INFO AirwatchRun - Save button clicked
2017-11-15 20:15:00,830 [main] ERROR AirwatchRun - An Exception has occured in getElement method --> java.lang.NullPointerException
2017-11-20 20:24:18,258 [main] INFO AirwatchRun - Username Entered.
2017-11-20 20:24:18,412 [main] INFO AirwatchRun - Password Entered.
2017-11-20 20:24:20,533 [main] INFO AirwatchRun - Sumbit Button Clicked.
2017-11-20 20:24:33,141 [main] INFO AirwatchRun - checking Popup Dialog is present or not in the console.
2017-11-20 20:24:33,142 [main] INFO AirwatchRun -  Popup dialog Appearence in the Airwatch Console ==> false
2017-11-20 20:24:35,353 [main] INFO AirwatchRun - Clicking Staging and Provisioning Menu
2017-11-20 20:24:37,533 [main] INFO AirwatchRun - Product List view clicked
2017-11-20 20:24:55,335 [main] ERROR AirwatchRun - An Exception has occured in getElement method --> org.openqa.selenium.WebDriverException: unknown error: cannot get automation extension
from unknown error: page could not be found: chrome-extension://aapnijgdinlhnhlmodcfapnahmbfebeb/_generated_background_page.html
  (Session info: chrome=62.0.3202.94)
  (Driver info: chromedriver=2.24.417431 (9aea000394714d2fbb20850021f6204f2256b9cf),platform=Windows NT 6.1.7601 SP1 x86) (WARNING: The server did not provide any stacktrace information)
Command duration or timeout: 10.09 seconds
Build info: version: '2.53.0', revision: '35ae25b', time: '2016-03-15 17:00:58'
System info: host: 'MUMD20193', ip: '10.207.13.37', os.name: 'Windows 7', os.arch: 'x86', os.version: '6.1', java.version: '1.8.0_25'
Driver info: org.openqa.selenium.chrome.ChromeDriver
Capabilities [{applicationCacheEnabled=false, rotatable=false, mobileEmulationEnabled=false, networkConnectionEnabled=false, chrome={chromedriverVersion=2.24.417431 (9aea000394714d2fbb20850021f6204f2256b9cf), userDataDir=C:\Users\BCHELL~1.COR\AppData\Local\Temp\scoped_dir1808_3738}, takesHeapSnapshot=true, pageLoadStrategy=normal, databaseEnabled=false, handlesAlerts=true, hasTouchScreen=false, version=62.0.3202.94, platform=XP, browserConnectionEnabled=false, nativeEvents=true, acceptSslCerts=true, locationContextEnabled=true, webStorageEnabled=true, browserName=chrome, takesScreenshot=true, javascriptEnabled=true, cssSelectorsEnabled=true}]
Session ID: 6874d4c4af3756ba2ee522a4b3e8979a
2017-11-20 20:36:16,481 [main] INFO AirwatchRun - Username Entered.
2017-11-20 20:36:16,576 [main] INFO AirwatchRun - Password Entered.
2017-11-20 20:36:18,711 [main] INFO AirwatchRun - Sumbit Button Clicked.
2017-11-20 20:36:31,547 [main] INFO AirwatchRun - checking Popup Dialog is present or not in the console.
2017-11-20 20:36:31,548 [main] INFO AirwatchRun -  Popup dialog Appearence in the Airwatch Console ==> false
2017-11-20 20:36:33,836 [main] INFO AirwatchRun - Clicking Staging and Provisioning Menu
2017-11-20 20:36:36,016 [main] INFO AirwatchRun - Product List view clicked
2017-11-20 20:36:46,764 [main] INFO AirwatchRun - fastcoke product is selected
2017-11-20 20:36:48,953 [main] INFO AirwatchRun - Edit button clicked
2017-11-20 20:36:51,171 [main] INFO AirwatchRun - Edit Rules Cliked
2017-11-20 20:36:55,420 [main] INFO AirwatchRun - Add Logical operator is clicked
2017-11-20 20:36:59,205 [main] INFO AirwatchRun - Add Rule button is clicked
2017-11-20 20:37:53,013 [main] INFO AirwatchRun - Problem ocuurs in dynamicDropdown function
2017-11-20 20:37:53,013 [main] INFO AirwatchRun - program is terminating...
2017-11-20 20:39:35,717 [main] INFO AirwatchRun - Username Entered.
2017-11-20 20:39:35,830 [main] INFO AirwatchRun - Password Entered.
2017-11-20 20:39:37,973 [main] INFO AirwatchRun - Sumbit Button Clicked.
2017-11-20 20:39:50,786 [main] INFO AirwatchRun - checking Popup Dialog is present or not in the console.
2017-11-20 20:39:50,786 [main] INFO AirwatchRun -  Popup dialog Appearence in the Airwatch Console ==> false
2017-11-20 20:39:53,034 [main] INFO AirwatchRun - Clicking Staging and Provisioning Menu
2017-11-20 20:39:55,225 [main] INFO AirwatchRun - Product List view clicked
2017-11-20 20:40:05,863 [main] INFO AirwatchRun - fastcoke product is selected
2017-11-20 20:40:08,052 [main] INFO AirwatchRun - Edit button clicked
2017-11-20 20:40:10,223 [main] INFO AirwatchRun - Edit Rules Cliked
2017-11-20 20:40:14,411 [main] INFO AirwatchRun - Add Logical operator is clicked
2017-11-20 20:40:18,722 [main] INFO AirwatchRun - Add Rule button is clicked
2017-11-20 20:40:37,969 [main] INFO AirwatchRun - Problem ocuurs in dynamicDropdown function
2017-11-20 20:40:37,970 [main] INFO AirwatchRun - program is terminating...
2017-11-20 20:41:51,286 [main] INFO AirwatchRun - Username Entered.
2017-11-20 20:41:51,367 [main] INFO AirwatchRun - Password Entered.
2017-11-20 20:41:53,502 [main] INFO AirwatchRun - Sumbit Button Clicked.
2017-11-20 20:42:06,020 [main] INFO AirwatchRun - checking Popup Dialog is present or not in the console.
2017-11-20 20:42:06,020 [main] INFO AirwatchRun -  Popup dialog Appearence in the Airwatch Console ==> false
2017-11-20 20:42:08,313 [main] INFO AirwatchRun - Clicking Staging and Provisioning Menu
2017-11-20 20:42:10,511 [main] INFO AirwatchRun - Product List view clicked
2017-11-20 20:42:20,760 [main] INFO AirwatchRun - fastcoke product is selected
2017-11-20 20:42:22,971 [main] INFO AirwatchRun - Edit button clicked
2017-11-20 20:42:25,146 [main] INFO AirwatchRun - Edit Rules Cliked
2017-11-20 20:42:29,275 [main] INFO AirwatchRun - Add Logical operator is clicked
2017-11-20 20:42:33,610 [main] INFO AirwatchRun - Add Rule button is clicked
2017-11-20 20:42:42,817 [main] INFO AirwatchRun - Problem ocuurs in dynamicDropdown function
2017-11-20 20:42:42,817 [main] INFO AirwatchRun - program is terminating...
2017-11-20 20:44:24,808 [main] INFO AirwatchRun - Username Entered.
2017-11-20 20:44:24,894 [main] INFO AirwatchRun - Password Entered.
2017-11-20 20:44:27,026 [main] INFO AirwatchRun - Sumbit Button Clicked.
2017-11-20 20:44:39,455 [main] INFO AirwatchRun - checking Popup Dialog is present or not in the console.
2017-11-20 20:44:39,456 [main] INFO AirwatchRun -  Popup dialog Appearence in the Airwatch Console ==> false
2017-11-20 20:44:41,760 [main] INFO AirwatchRun - Clicking Staging and Provisioning Menu
2017-11-20 20:44:43,977 [main] INFO AirwatchRun - Product List view clicked
2017-11-20 20:44:54,659 [main] INFO AirwatchRun - fastcoke product is selected
2017-11-20 20:44:56,813 [main] INFO AirwatchRun - Edit button clicked
2017-11-20 20:44:59,011 [main] INFO AirwatchRun - Edit Rules Cliked
2017-11-20 20:45:03,231 [main] INFO AirwatchRun - Add Logical operator is clicked
2017-11-20 20:45:07,529 [main] INFO AirwatchRun - Add Rule button is clicked
2017-11-20 20:45:16,966 [main] INFO AirwatchRun - Problem ocuurs in dynamicDropdown function
2017-11-20 20:45:16,966 [main] INFO AirwatchRun - program is terminating...
2017-11-20 20:47:38,847 [main] INFO AirwatchRun - Username Entered.
2017-11-20 20:47:38,944 [main] INFO AirwatchRun - Password Entered.
2017-11-20 20:47:41,078 [main] INFO AirwatchRun - Sumbit Button Clicked.
2017-11-20 20:47:53,767 [main] INFO AirwatchRun - checking Popup Dialog is present or not in the console.
2017-11-20 20:47:53,768 [main] INFO AirwatchRun -  Popup dialog Appearence in the Airwatch Console ==> false
2017-11-20 20:47:56,041 [main] INFO AirwatchRun - Clicking Staging and Provisioning Menu
2017-11-20 20:47:58,219 [main] INFO AirwatchRun - Product List view clicked
2017-11-20 20:48:08,472 [main] INFO AirwatchRun - fastcoke product is selected
2017-11-20 20:48:10,709 [main] INFO AirwatchRun - Edit button clicked
2017-11-20 20:48:12,931 [main] INFO AirwatchRun - Edit Rules Cliked
2017-11-20 20:48:17,416 [main] INFO AirwatchRun - Add Logical operator is clicked
2017-11-20 20:48:21,820 [main] INFO AirwatchRun - Add Rule button is clicked
2017-11-20 20:48:30,808 [main] INFO AirwatchRun - Problem ocuurs in dynamicDropdown function
2017-11-20 20:48:30,808 [main] INFO AirwatchRun - program is terminating...
2017-11-20 20:56:44,108 [main] INFO AirwatchRun - Username Entered.
2017-11-20 20:56:44,189 [main] INFO AirwatchRun - Password Entered.
2017-11-20 20:56:46,324 [main] INFO AirwatchRun - Sumbit Button Clicked.
2017-11-20 20:56:58,801 [main] INFO AirwatchRun - checking Popup Dialog is present or not in the console.
2017-11-20 20:56:58,801 [main] INFO AirwatchRun -  Popup dialog Appearence in the Airwatch Console ==> false
2017-11-20 20:57:01,063 [main] INFO AirwatchRun - Clicking Staging and Provisioning Menu
2017-11-20 20:57:03,241 [main] INFO AirwatchRun - Product List view clicked
2017-11-20 20:57:14,080 [main] INFO AirwatchRun - fastcoke product is selected
2017-11-20 20:57:16,289 [main] INFO AirwatchRun - Edit button clicked
2017-11-20 20:57:18,503 [main] INFO AirwatchRun - Edit Rules Cliked
2017-11-20 20:57:22,697 [main] INFO AirwatchRun - Add Logical operator is clicked
2017-11-20 20:57:26,435 [main] INFO AirwatchRun - Add Rule button is clicked
2017-11-20 20:57:52,712 [main] INFO AirwatchRun - Right ZPL is not entered into the Edit rules in Product Activation
2017-11-21 13:07:45,663 [main] INFO AirwatchRun - Username Entered.
2017-11-21 13:07:45,799 [main] INFO AirwatchRun - Password Entered.
2017-11-21 13:07:47,970 [main] INFO AirwatchRun - Sumbit Button Clicked.
2017-11-21 13:08:00,529 [main] INFO AirwatchRun - checking Popup Dialog is present or not in the console.
2017-11-21 13:08:00,529 [main] INFO AirwatchRun -  Popup dialog Appearence in the Airwatch Console ==> false
2017-11-21 13:08:07,138 [main] INFO AirwatchRun - List view clicked.
2017-11-21 13:08:07,436 [main] INFO AirwatchRun - Asset Number is entered in Search Id Text Box.
2017-11-21 13:08:13,561 [main] INFO AirwatchRun - Asset Number is Clicked.
2017-11-21 13:08:46,175 [main] INFO AirwatchRun - Edit button is Clicked.
2017-11-21 13:08:59,796 [main] INFO AirwatchRun - Values Menu is Clicked.
2017-11-21 13:09:02,799 [main] INFO AirwatchRun - Add Value is Clicked.
2017-11-21 13:09:05,194 [main] INFO AirwatchRun - ZPL is enetred in Add Value Page.
2017-11-21 13:09:07,923 [main] INFO AirwatchRun - ZPL is Added into the CustomAttribute successfully.
2017-11-21 13:09:25,043 [main] ERROR AirwatchRun - An Exception has occured in doAction method --> org.openqa.selenium.WebDriverException: unknown error: Element <a href="/AirWatch/#/Provisioning/Policies" data-help-id="ProductListView" class="leaf ">...</a> is not clickable at point (189, 342). Other element would receive the click: <div id="airwatchcustomattributeadd" class="modal_container edit is-responsive--false animated fadeIn" style="display:block" data-bind="afterHtmlRender: 0">...</div>
  (Session info: chrome=62.0.3202.94)
  (Driver info: chromedriver=2.33.506120 (e3e53437346286c0bc2d2dc9aa4915ba81d9023f),platform=Windows NT 6.1.7601 SP1 x86) (WARNING: The server did not provide any stacktrace information)
Command duration or timeout: 202 milliseconds
Build info: version: '2.53.0', revision: '35ae25b', time: '2016-03-15 17:00:58'
System info: host: 'MUMD20193', ip: '10.207.13.37', os.name: 'Windows 7', os.arch: 'x86', os.version: '6.1', java.version: '1.8.0_25'
Driver info: org.openqa.selenium.chrome.ChromeDriver
Capabilities [{applicationCacheEnabled=false, rotatable=false, mobileEmulationEnabled=false, networkConnectionEnabled=false, chrome={chromedriverVersion=2.33.506120 (e3e53437346286c0bc2d2dc9aa4915ba81d9023f), userDataDir=C:\Users\BCHELL~1.COR\AppData\Local\Temp\scoped_dir8160_29449}, takesHeapSnapshot=true, pageLoadStrategy=normal, databaseEnabled=false, handlesAlerts=true, hasTouchScreen=false, version=62.0.3202.94, platform=XP, browserConnectionEnabled=false, nativeEvents=true, acceptSslCerts=true, locationContextEnabled=true, webStorageEnabled=true, browserName=chrome, takesScreenshot=true, javascriptEnabled=true, cssSelectorsEnabled=true, setWindowRect=true, unexpectedAlertBehaviour=}]
Session ID: d921e7595cb0a323558b15e9e8a70814
2017-11-21 13:11:59,400 [main] INFO AirwatchRun - Username Entered.
2017-11-21 13:11:59,484 [main] INFO AirwatchRun - Password Entered.
2017-11-21 13:12:01,619 [main] INFO AirwatchRun - Sumbit Button Clicked.
2017-11-21 13:12:14,252 [main] INFO AirwatchRun - checking Popup Dialog is present or not in the console.
2017-11-21 13:12:14,253 [main] INFO AirwatchRun -  Popup dialog Appearence in the Airwatch Console ==> false
2017-11-21 13:12:20,819 [main] INFO AirwatchRun - List view clicked.
2017-11-21 13:12:21,156 [main] INFO AirwatchRun - Asset Number is entered in Search Id Text Box.
2017-11-21 13:12:27,418 [main] INFO AirwatchRun - Asset Number is Clicked.
2017-11-21 13:12:59,971 [main] INFO AirwatchRun - Edit button is Clicked.
2017-11-21 13:13:13,242 [main] INFO AirwatchRun - Values Menu is Clicked.
2017-11-21 13:13:16,319 [main] INFO AirwatchRun - Add Value is Clicked.
2017-11-21 13:13:18,714 [main] INFO AirwatchRun - ZPL is enetred in Add Value Page.
2017-11-21 13:13:21,395 [main] INFO AirwatchRun - ZPL is Added into the CustomAttribute successfully.
2017-11-21 13:13:41,775 [main] ERROR AirwatchRun - An Exception has occured in doAction method --> org.openqa.selenium.WebDriverException: unknown error: Element <a href="/AirWatch/#/Provisioning/Policies" data-help-id="ProductListView" class="leaf ">...</a> is not clickable at point (189, 342). Other element would receive the click: <div id="airwatchcustomattributeadd" class="modal_container edit is-responsive--false animated fadeIn" style="display:block" data-bind="afterHtmlRender: 0">...</div>
  (Session info: chrome=62.0.3202.94)
  (Driver info: chromedriver=2.33.506120 (e3e53437346286c0bc2d2dc9aa4915ba81d9023f),platform=Windows NT 6.1.7601 SP1 x86) (WARNING: The server did not provide any stacktrace information)
Command duration or timeout: 254 milliseconds
Build info: version: '2.53.0', revision: '35ae25b', time: '2016-03-15 17:00:58'
System info: host: 'MUMD20193', ip: '10.207.13.37', os.name: 'Windows 7', os.arch: 'x86', os.version: '6.1', java.version: '1.8.0_25'
Driver info: org.openqa.selenium.chrome.ChromeDriver
Capabilities [{applicationCacheEnabled=false, rotatable=false, mobileEmulationEnabled=false, networkConnectionEnabled=false, chrome={chromedriverVersion=2.33.506120 (e3e53437346286c0bc2d2dc9aa4915ba81d9023f), userDataDir=C:\Users\BCHELL~1.COR\AppData\Local\Temp\scoped_dir4616_9689}, takesHeapSnapshot=true, pageLoadStrategy=normal, databaseEnabled=false, handlesAlerts=true, hasTouchScreen=false, version=62.0.3202.94, platform=XP, browserConnectionEnabled=false, nativeEvents=true, acceptSslCerts=true, locationContextEnabled=true, webStorageEnabled=true, browserName=chrome, takesScreenshot=true, javascriptEnabled=true, cssSelectorsEnabled=true, setWindowRect=true, unexpectedAlertBehaviour=}]
Session ID: a652c0c80e30661985fd24faecab4f2d
2017-11-21 13:19:53,219 [main] INFO AirwatchRun - Username Entered.
2017-11-21 13:19:53,306 [main] INFO AirwatchRun - Password Entered.
2017-11-21 13:19:55,439 [main] INFO AirwatchRun - Sumbit Button Clicked.
2017-11-21 13:20:08,360 [main] INFO AirwatchRun - checking Popup Dialog is present or not in the console.
2017-11-21 13:20:08,360 [main] INFO AirwatchRun -  Popup dialog Appearence in the Airwatch Console ==> false
2017-11-21 13:20:14,963 [main] INFO AirwatchRun - List view clicked.
2017-11-21 13:20:15,881 [main] INFO AirwatchRun - Asset Number is entered in Search Id Text Box.
2017-11-21 13:20:22,043 [main] INFO AirwatchRun - Asset Number is Clicked.
2017-11-21 13:20:54,721 [main] INFO AirwatchRun - Edit button is Clicked.
2017-11-21 13:21:09,028 [main] INFO AirwatchRun - Values Menu is Clicked.
2017-11-21 13:21:12,050 [main] INFO AirwatchRun - Add Value is Clicked.
2017-11-21 13:21:13,896 [main] INFO AirwatchRun - ZPL is enetred in Add Value Page.
2017-11-21 13:21:16,527 [main] INFO AirwatchRun - ZPL is Added into the CustomAttribute successfully.
2017-11-21 13:21:36,881 [main] ERROR AirwatchRun - An Exception has occured in doAction method --> org.openqa.selenium.WebDriverException: unknown error: Element <a href="/AirWatch/#/Provisioning/Policies" data-help-id="ProductListView" class="leaf ">...</a> is not clickable at point (189, 342). Other element would receive the click: <div id="airwatchcustomattributeadd" class="modal_container edit is-responsive--false animated fadeIn" style="display:block" data-bind="afterHtmlRender: 0">...</div>
  (Session info: chrome=62.0.3202.94)
  (Driver info: chromedriver=2.33.506120 (e3e53437346286c0bc2d2dc9aa4915ba81d9023f),platform=Windows NT 6.1.7601 SP1 x86) (WARNING: The server did not provide any stacktrace information)
Command duration or timeout: 213 milliseconds
Build info: version: '2.53.0', revision: '35ae25b', time: '2016-03-15 17:00:58'
System info: host: 'MUMD20193', ip: '10.207.13.37', os.name: 'Windows 7', os.arch: 'x86', os.version: '6.1', java.version: '1.8.0_25'
Driver info: org.openqa.selenium.chrome.ChromeDriver
Capabilities [{applicationCacheEnabled=false, rotatable=false, mobileEmulationEnabled=false, networkConnectionEnabled=false, chrome={chromedriverVersion=2.33.506120 (e3e53437346286c0bc2d2dc9aa4915ba81d9023f), userDataDir=C:\Users\BCHELL~1.COR\AppData\Local\Temp\scoped_dir2168_7584}, takesHeapSnapshot=true, pageLoadStrategy=normal, databaseEnabled=false, handlesAlerts=true, hasTouchScreen=false, version=62.0.3202.94, platform=XP, browserConnectionEnabled=false, nativeEvents=true, acceptSslCerts=true, locationContextEnabled=true, webStorageEnabled=true, browserName=chrome, takesScreenshot=true, javascriptEnabled=true, cssSelectorsEnabled=true, setWindowRect=true, unexpectedAlertBehaviour=}]
Session ID: 1f34307f068409f003c9f26609f9c65c
2017-11-21 13:23:12,656 [main] INFO AirwatchRun - Username Entered.
2017-11-21 13:23:12,743 [main] INFO AirwatchRun - Password Entered.
2017-11-21 13:23:14,881 [main] INFO AirwatchRun - Sumbit Button Clicked.
2017-11-21 13:23:27,306 [main] INFO AirwatchRun - checking Popup Dialog is present or not in the console.
2017-11-21 13:23:27,307 [main] INFO AirwatchRun -  Popup dialog Appearence in the Airwatch Console ==> false
2017-11-21 13:23:33,790 [main] INFO AirwatchRun - List view clicked.
2017-11-21 13:23:34,070 [main] INFO AirwatchRun - Asset Number is entered in Search Id Text Box.
2017-11-21 13:23:40,207 [main] INFO AirwatchRun - Asset Number is Clicked.
2017-11-21 13:24:14,212 [main] INFO AirwatchRun - Edit button is Clicked.
2017-11-21 13:24:27,506 [main] INFO AirwatchRun - Values Menu is Clicked.
2017-11-21 13:24:30,501 [main] INFO AirwatchRun - Add Value is Clicked.
2017-11-21 13:24:32,994 [main] INFO AirwatchRun - ZPL is enetred in Add Value Page.
2017-11-21 13:24:35,603 [main] INFO AirwatchRun - ZPL is Added into the CustomAttribute successfully.
2017-11-21 13:27:56,671 [main] INFO AirwatchRun - Username Entered.
2017-11-21 13:27:56,751 [main] INFO AirwatchRun - Password Entered.
2017-11-21 13:27:58,891 [main] INFO AirwatchRun - Sumbit Button Clicked.
2017-11-21 13:28:11,321 [main] INFO AirwatchRun - checking Popup Dialog is present or not in the console.
2017-11-21 13:28:11,321 [main] INFO AirwatchRun -  Popup dialog Appearence in the Airwatch Console ==> false
2017-11-21 13:28:17,809 [main] INFO AirwatchRun - List view clicked.
2017-11-21 13:28:18,098 [main] INFO AirwatchRun - Asset Number is entered in Search Id Text Box.
2017-11-21 13:28:24,208 [main] INFO AirwatchRun - Asset Number is Clicked.
2017-11-21 13:28:58,047 [main] INFO AirwatchRun - Edit button is Clicked.
2017-11-21 13:29:13,072 [main] INFO AirwatchRun - Values Menu is Clicked.
2017-11-21 13:29:16,085 [main] INFO AirwatchRun - Add Value is Clicked.
2017-11-21 13:29:18,048 [main] INFO AirwatchRun - ZPL is enetred in Add Value Page.
2017-11-21 13:29:20,711 [main] INFO AirwatchRun - ZPL is Added into the CustomAttribute successfully.
2017-11-21 13:29:39,340 [main] INFO AirwatchRun - Final ZPL is added.
2017-11-21 13:30:39,480 [main] ERROR AirwatchRun - An Exception has occured in getElement method --> org.openqa.selenium.UnhandledAlertException: unexpected alert open: {Alert text : Your Session Has Expired}
  (Session info: chrome=62.0.3202.94)
  (Driver info: chromedriver=2.33.506120 (e3e53437346286c0bc2d2dc9aa4915ba81d9023f),platform=Windows NT 6.1.7601 SP1 x86) (WARNING: The server did not provide any stacktrace information)
Command duration or timeout: 3 milliseconds: null
Build info: version: '2.53.0', revision: '35ae25b', time: '2016-03-15 17:00:58'
System info: host: 'MUMD20193', ip: '10.207.13.37', os.name: 'Windows 7', os.arch: 'x86', os.version: '6.1', java.version: '1.8.0_25'
Driver info: org.openqa.selenium.chrome.ChromeDriver
Capabilities [{applicationCacheEnabled=false, rotatable=false, mobileEmulationEnabled=false, networkConnectionEnabled=false, chrome={chromedriverVersion=2.33.506120 (e3e53437346286c0bc2d2dc9aa4915ba81d9023f), userDataDir=C:\Users\BCHELL~1.COR\AppData\Local\Temp\scoped_dir5080_13693}, takesHeapSnapshot=true, pageLoadStrategy=normal, databaseEnabled=false, handlesAlerts=true, hasTouchScreen=false, version=62.0.3202.94, platform=XP, browserConnectionEnabled=false, nativeEvents=true, acceptSslCerts=true, locationContextEnabled=true, webStorageEnabled=true, browserName=chrome, takesScreenshot=true, javascriptEnabled=true, cssSelectorsEnabled=true, setWindowRect=true, unexpectedAlertBehaviour=}]
Session ID: 9bfc9eb96c5a591d666de27529c74bcb
*** Element info: {Using=xpath, value=.//*[@id='aw-console']/div[3]/div[2]}
2017-11-21 13:35:33,190 [main] INFO AirwatchRun - Username Entered.
2017-11-21 13:35:33,304 [main] INFO AirwatchRun - Password Entered.
2017-11-21 13:35:35,469 [main] INFO AirwatchRun - Sumbit Button Clicked.
2017-11-21 13:35:48,598 [main] INFO AirwatchRun - checking Popup Dialog is present or not in the console.
2017-11-21 13:35:48,598 [main] INFO AirwatchRun -  Popup dialog Appearence in the Airwatch Console ==> false
2017-11-21 13:35:55,078 [main] INFO AirwatchRun - List view clicked.
2017-11-21 13:35:55,361 [main] INFO AirwatchRun - Asset Number is entered in Search Id Text Box.
2017-11-21 13:36:01,928 [main] INFO AirwatchRun - Asset Number is Clicked.
2017-11-21 13:36:34,611 [main] INFO AirwatchRun - Edit button is Clicked.
2017-11-21 13:36:47,529 [main] INFO AirwatchRun - Values Menu is Clicked.
2017-11-21 13:36:50,588 [main] INFO AirwatchRun - Add Value is Clicked.
2017-11-21 13:36:53,194 [main] INFO AirwatchRun - ZPL is enetred in Add Value Page.
2017-11-21 13:36:55,846 [main] INFO AirwatchRun - ZPL is Added into the CustomAttribute successfully.
2017-11-21 13:37:14,778 [main] INFO AirwatchRun - Final ZPL is added.
2017-11-21 13:37:32,452 [main] INFO AirwatchRun - Product List view clicked
2017-11-21 13:37:43,422 [main] INFO AirwatchRun - fastcoke product is selected
2017-11-21 13:37:45,625 [main] INFO AirwatchRun - Edit button clicked
2017-11-21 13:37:47,772 [main] INFO AirwatchRun - Edit Rules Cliked
2017-11-21 13:37:52,622 [main] INFO AirwatchRun - Add Logical operator is clicked
2017-11-21 13:37:56,260 [main] INFO AirwatchRun - Add Rule button is clicked
2017-11-21 13:39:41,141 [main] INFO AirwatchRun - Right ZPL is entered into the Edit rules in Product Activation
2017-11-21 18:11:54,831 [main] ERROR AirwatchRun - An Exception has occured while reading the contents from TC_Details.txt file --> 
File 'D:\WorkSpace_Selinum\TC_Details.txt' does not exist
2017-11-22 17:28:44,895 [main] ERROR AirwatchRun - An Exception has occured while reading the contents from TC_Details.txt file --> 
File 'D:\WorkSpace_Selinum\TC_Details.txt' does not exist
2017-11-22 17:30:13,658 [main] INFO AirwatchRun - An exception has occured in productGroupNameMap method --> java.io.FileNotFoundException: D:\WorkSpace_Selinum\TC_Data.xls (The system cannot find the file specified)
2017-11-22 17:30:59,456 [main] INFO AirwatchRun - Username Entered.
2017-11-22 17:30:59,541 [main] INFO AirwatchRun - Password Entered.
2017-11-22 17:31:01,678 [main] INFO AirwatchRun - Sumbit Button Clicked.
2017-11-22 17:31:14,477 [main] INFO AirwatchRun - checking Popup Dialog is present or not in the console.
2017-11-22 17:31:14,479 [main] INFO AirwatchRun -  Popup dialog Appearence in the Airwatch Console ==> false
2017-11-22 17:32:14,837 [main] ERROR AirwatchRun - An Exception has occured in getElement method --> org.openqa.selenium.TimeoutException: Timed out after 60 seconds waiting for visibility of element located by By.xpath: //a[text()='Product List View']
Build info: version: '2.53.0', revision: '35ae25b', time: '2016-03-15 17:00:58'
System info: host: 'MUMD20193', ip: '10.207.13.37', os.name: 'Windows 7', os.arch: 'x86', os.version: '6.1', java.version: '1.8.0_25'
Driver info: org.openqa.selenium.chrome.ChromeDriver
Capabilities [{applicationCacheEnabled=false, rotatable=false, mobileEmulationEnabled=false, networkConnectionEnabled=false, chrome={chromedriverVersion=2.33.506120 (e3e53437346286c0bc2d2dc9aa4915ba81d9023f), userDataDir=C:\Users\BCHELL~1.COR\AppData\Local\Temp\scoped_dir8520_10520}, takesHeapSnapshot=true, pageLoadStrategy=normal, databaseEnabled=false, handlesAlerts=true, hasTouchScreen=false, version=62.0.3202.94, platform=XP, browserConnectionEnabled=false, nativeEvents=true, acceptSslCerts=true, locationContextEnabled=true, webStorageEnabled=true, browserName=chrome, takesScreenshot=true, javascriptEnabled=true, cssSelectorsEnabled=true, setWindowRect=true, unexpectedAlertBehaviour=}]
Session ID: e20fac6391764c1a65c25990c8e4be49
2017-11-22 17:44:57,980 [main] INFO AirwatchRun - Username Entered.
2017-11-22 17:44:58,087 [main] INFO AirwatchRun - Password Entered.
2017-11-22 17:45:00,228 [main] INFO AirwatchRun - Sumbit Button Clicked.
2017-11-22 17:45:12,840 [main] INFO AirwatchRun - checking Popup Dialog is present or not in the console.
2017-11-22 17:45:12,840 [main] INFO AirwatchRun -  Popup dialog Appearence in the Airwatch Console ==> false
2017-11-22 17:45:17,322 [main] INFO AirwatchRun - Product List view clicked
2017-11-22 17:45:28,241 [main] INFO AirwatchRun - fastcoke product is selected
2017-11-22 18:52:54,183 [main] INFO AirwatchRun - Username Entered.
2017-11-22 18:52:54,308 [main] INFO AirwatchRun - Password Entered.
2017-11-22 18:52:56,468 [main] INFO AirwatchRun - Sumbit Button Clicked.
2017-11-22 18:53:09,810 [main] INFO AirwatchRun - checking Popup Dialog is present or not in the console.
2017-11-22 18:53:09,810 [main] INFO AirwatchRun -  Popup dialog Appearence in the Airwatch Console ==> false
2017-11-22 18:53:12,130 [main] INFO AirwatchRun - Staging and Provisoining clicked.
2017-11-22 18:53:14,320 [main] INFO AirwatchRun - Product List view clicked
2017-11-22 18:53:24,939 [main] INFO AirwatchRun - fastcoke product is selected
2017-11-22 18:54:26,760 [main] INFO AirwatchRun - Username Entered.
2017-11-22 18:54:26,874 [main] INFO AirwatchRun - Password Entered.
2017-11-22 18:54:29,034 [main] INFO AirwatchRun - Sumbit Button Clicked.
2017-11-22 18:54:42,531 [main] INFO AirwatchRun - checking Popup Dialog is present or not in the console.
2017-11-22 18:54:42,531 [main] INFO AirwatchRun -  Popup dialog Appearence in the Airwatch Console ==> false
2017-11-22 18:54:44,883 [main] INFO AirwatchRun - Staging and Provisoining clicked.
2017-11-22 18:54:47,080 [main] INFO AirwatchRun - Product List view clicked
2017-11-22 18:54:58,034 [main] INFO AirwatchRun - fastcoke product is selected
2017-11-22 18:55:00,250 [main] INFO AirwatchRun - Edit button clicked
2017-11-22 18:55:02,450 [main] INFO AirwatchRun - Edit Rules Cliked
2017-11-22 18:55:10,249 [main] INFO AirwatchRun - Add Logical operator is clicked
2017-11-22 18:55:14,257 [main] INFO AirwatchRun - Add Rule button is clicked
2017-11-22 18:55:26,853 [main] INFO AirwatchRun - Save button clicked
2017-11-22 18:55:27,253 [main] ERROR AirwatchRun - An Exception has occured in doAction method --> org.openqa.selenium.WebDriverException: unknown error: Element <button class="button large emphasis branded-highlight-bg branded-highlight-item" name="saveAnd..." type="submit" value="Activate">Activate</button> is not clickable at point (676, 568). Other element would receive the click: <div class="actions" align="center">...</div>
  (Session info: chrome=62.0.3202.94)
  (Driver info: chromedriver=2.33.506120 (e3e53437346286c0bc2d2dc9aa4915ba81d9023f),platform=Windows NT 6.1.7601 SP1 x86) (WARNING: The server did not provide any stacktrace information)
Command duration or timeout: 44 milliseconds
Build info: version: '2.53.0', revision: '35ae25b', time: '2016-03-15 17:00:58'
System info: host: 'MUMD20193', ip: '10.207.13.37', os.name: 'Windows 7', os.arch: 'x86', os.version: '6.1', java.version: '1.8.0_25'
Driver info: org.openqa.selenium.chrome.ChromeDriver
Capabilities [{applicationCacheEnabled=false, rotatable=false, mobileEmulationEnabled=false, networkConnectionEnabled=false, chrome={chromedriverVersion=2.33.506120 (e3e53437346286c0bc2d2dc9aa4915ba81d9023f), userDataDir=C:\Users\BCHELL~1.COR\AppData\Local\Temp\scoped_dir8680_8048}, takesHeapSnapshot=true, pageLoadStrategy=normal, databaseEnabled=false, handlesAlerts=true, hasTouchScreen=false, version=62.0.3202.94, platform=XP, browserConnectionEnabled=false, nativeEvents=true, acceptSslCerts=true, locationContextEnabled=true, webStorageEnabled=true, browserName=chrome, takesScreenshot=true, javascriptEnabled=true, cssSelectorsEnabled=true, setWindowRect=true, unexpectedAlertBehaviour=}]
Session ID: 8eb34c1cb4da98692a28d0a380c51300
2017-11-22 18:57:57,480 [main] INFO AirwatchRun - Username Entered.
2017-11-22 18:57:57,563 [main] INFO AirwatchRun - Password Entered.
2017-11-22 18:57:59,699 [main] INFO AirwatchRun - Sumbit Button Clicked.
2017-11-22 18:58:12,079 [main] INFO AirwatchRun - checking Popup Dialog is present or not in the console.
2017-11-22 18:58:12,080 [main] INFO AirwatchRun -  Popup dialog Appearence in the Airwatch Console ==> false
2017-11-22 18:58:14,409 [main] INFO AirwatchRun - Staging and Provisoining clicked.
2017-11-22 18:58:16,582 [main] INFO AirwatchRun - Product List view clicked
2017-11-22 18:58:26,809 [main] INFO AirwatchRun - fastcoke product is selected
2017-11-22 18:58:28,984 [main] INFO AirwatchRun - Edit button clicked
2017-11-22 18:58:31,184 [main] INFO AirwatchRun - Edit Rules Cliked
2017-11-22 18:58:37,993 [main] INFO AirwatchRun - Add Logical operator is clicked
2017-11-22 18:58:41,958 [main] INFO AirwatchRun - Add Rule button is clicked
2017-11-22 18:58:54,882 [main] INFO AirwatchRun - Save button clicked
2017-11-22 18:58:55,289 [main] ERROR AirwatchRun - An Exception has occured in doAction method --> org.openqa.selenium.WebDriverException: unknown error: Element <button class="button large emphasis branded-highlight-bg branded-highlight-item" name="saveAnd..." type="submit" value="Activate">Activate</button> is not clickable at point (676, 568). Other element would receive the click: <div class="actions" align="center">...</div>
  (Session info: chrome=62.0.3202.94)
  (Driver info: chromedriver=2.33.506120 (e3e53437346286c0bc2d2dc9aa4915ba81d9023f),platform=Windows NT 6.1.7601 SP1 x86) (WARNING: The server did not provide any stacktrace information)
Command duration or timeout: 43 milliseconds
Build info: version: '2.53.0', revision: '35ae25b', time: '2016-03-15 17:00:58'
System info: host: 'MUMD20193', ip: '10.207.13.37', os.name: 'Windows 7', os.arch: 'x86', os.version: '6.1', java.version: '1.8.0_25'
Driver info: org.openqa.selenium.chrome.ChromeDriver
Capabilities [{applicationCacheEnabled=false, rotatable=false, mobileEmulationEnabled=false, networkConnectionEnabled=false, chrome={chromedriverVersion=2.33.506120 (e3e53437346286c0bc2d2dc9aa4915ba81d9023f), userDataDir=C:\Users\BCHELL~1.COR\AppData\Local\Temp\scoped_dir9900_10494}, takesHeapSnapshot=true, pageLoadStrategy=normal, databaseEnabled=false, handlesAlerts=true, hasTouchScreen=false, version=62.0.3202.94, platform=XP, browserConnectionEnabled=false, nativeEvents=true, acceptSslCerts=true, locationContextEnabled=true, webStorageEnabled=true, browserName=chrome, takesScreenshot=true, javascriptEnabled=true, cssSelectorsEnabled=true, setWindowRect=true, unexpectedAlertBehaviour=}]
Session ID: 700e68237d07ceb29aff816c1fd707f6
2017-11-22 19:01:09,909 [main] INFO AirwatchRun - Username Entered.
2017-11-22 19:01:09,991 [main] INFO AirwatchRun - Password Entered.
2017-11-22 19:01:12,130 [main] INFO AirwatchRun - Sumbit Button Clicked.
2017-11-22 19:01:25,063 [main] INFO AirwatchRun - checking Popup Dialog is present or not in the console.
2017-11-22 19:01:25,064 [main] INFO AirwatchRun -  Popup dialog Appearence in the Airwatch Console ==> false
2017-11-22 19:01:27,424 [main] INFO AirwatchRun - Staging and Provisoining clicked.
2017-11-22 19:01:29,611 [main] INFO AirwatchRun - Product List view clicked
2017-11-22 19:01:40,616 [main] INFO AirwatchRun - fastcoke product is selected
2017-11-22 19:01:42,772 [main] INFO AirwatchRun - Edit button clicked
2017-11-22 19:01:44,944 [main] INFO AirwatchRun - Edit Rules Cliked
2017-11-22 19:01:51,972 [main] INFO AirwatchRun - Add Logical operator is clicked
2017-11-22 19:01:55,856 [main] INFO AirwatchRun - Add Rule button is clicked
2017-11-22 19:02:29,283 [main] INFO AirwatchRun - Right ZPL is not entered into the Edit rules in Product Activation
2017-11-22 19:03:49,857 [main] INFO AirwatchRun - Username Entered.
2017-11-22 19:03:49,967 [main] INFO AirwatchRun - Password Entered.
2017-11-22 19:03:52,130 [main] INFO AirwatchRun - Sumbit Button Clicked.
2017-11-22 19:04:04,959 [main] INFO AirwatchRun - checking Popup Dialog is present or not in the console.
2017-11-22 19:04:04,960 [main] INFO AirwatchRun -  Popup dialog Appearence in the Airwatch Console ==> false
2017-11-22 19:04:07,323 [main] INFO AirwatchRun - Staging and Provisoining clicked.
2017-11-22 19:04:09,519 [main] INFO AirwatchRun - Product List view clicked
2017-11-22 19:04:19,741 [main] INFO AirwatchRun - fastcoke product is selected
2017-11-22 19:04:21,939 [main] INFO AirwatchRun - Edit button clicked
2017-11-22 19:04:24,147 [main] INFO AirwatchRun - Edit Rules Cliked
2017-11-22 19:04:32,752 [main] INFO AirwatchRun - Add Logical operator is clicked
2017-11-22 19:04:36,729 [main] INFO AirwatchRun - Add Rule button is clicked
2017-11-22 19:05:05,436 [main] INFO AirwatchRun - Right ZPL is not entered into the Edit rules in Product Activation
2017-11-22 19:07:39,640 [main] INFO AirwatchRun - Username Entered.
2017-11-22 19:07:39,726 [main] INFO AirwatchRun - Password Entered.
2017-11-22 19:07:41,866 [main] INFO AirwatchRun - Sumbit Button Clicked.
2017-11-22 19:07:54,910 [main] INFO AirwatchRun - checking Popup Dialog is present or not in the console.
2017-11-22 19:07:54,911 [main] INFO AirwatchRun -  Popup dialog Appearence in the Airwatch Console ==> false
2017-11-22 19:07:57,264 [main] INFO AirwatchRun - Staging and Provisoining clicked.
2017-11-22 19:07:59,443 [main] INFO AirwatchRun - Product List view clicked
2017-11-22 19:08:10,136 [main] INFO AirwatchRun - fastcoke product is selected
2017-11-22 19:08:12,337 [main] INFO AirwatchRun - Edit button clicked
2017-11-22 19:08:14,515 [main] INFO AirwatchRun - Edit Rules Cliked
2017-11-22 19:08:21,641 [main] INFO AirwatchRun - Add Logical operator is clicked
2017-11-22 19:08:25,580 [main] INFO AirwatchRun - Add Rule button is clicked
2017-11-22 19:10:16,075 [main] INFO AirwatchRun - Right ZPL is entered into the Edit rules in Product Activation
2017-11-22 19:10:20,743 [main] INFO AirwatchRun - Save button clicked
2017-11-22 19:33:40,086 [main] INFO AirwatchRun - Username Entered.
2017-11-22 19:33:40,191 [main] INFO AirwatchRun - Password Entered.
2017-11-22 19:33:42,343 [main] INFO AirwatchRun - Sumbit Button Clicked.
2017-11-22 19:34:03,771 [main] INFO AirwatchRun - checking Popup Dialog is present or not in the console.
2017-11-22 19:34:03,772 [main] INFO AirwatchRun -  Popup dialog Appearence in the Airwatch Console ==> false
2017-11-22 19:34:06,102 [main] INFO AirwatchRun - Staging and Provisoining clicked.
2017-11-22 19:34:08,283 [main] INFO AirwatchRun - Product List view clicked
2017-11-22 19:34:19,167 [main] INFO AirwatchRun - fastcoke product is selected
2017-11-22 19:34:21,977 [main] INFO AirwatchRun - Edit button clicked
2017-11-22 19:34:24,151 [main] INFO AirwatchRun - Edit Rules Cliked
2017-11-22 19:34:27,941 [main] INFO AirwatchRun - Add Logical operator is clicked
2017-11-22 19:34:31,559 [main] INFO AirwatchRun - Add Rule button is clicked
2017-11-22 19:36:19,828 [main] INFO AirwatchRun - Right ZPL is entered into the Edit rules in Product Activation
2017-11-22 19:36:24,147 [main] INFO AirwatchRun - Save button clicked
2017-11-22 19:36:29,160 [main] INFO AirwatchRun - Activate button Clicked.
2017-11-22 19:36:32,128 [main] INFO AirwatchRun - Fianl Activate button clicked.
2017-11-22 19:36:35,447 [main] INFO AirwatchRun - List View Menu clicked.
2017-11-22 19:36:58,551 [main] INFO AirwatchRun - More dropDown Menu clicked.
2017-11-22 19:37:00,685 [main] INFO AirwatchRun - Products option Selected  in dropdown.
2017-11-22 19:37:02,960 [main] INFO AirwatchRun - Sleeping for 3 minutes.
2017-11-22 19:40:02,969 [main] INFO AirwatchRun - Sleep Time Over.
2017-11-22 19:40:11,831 [main] INFO AirwatchRun - Checking for queued Product...
2017-11-22 19:40:11,831 [main] INFO AirwatchRun - Product Queued is not found, Reactivating the Product.
2017-11-22 19:40:13,968 [main] INFO AirwatchRun - Clicking Staging and Provisioning Menu.
2017-11-22 19:40:16,103 [main] INFO AirwatchRun - Product List view clicked.
2017-11-22 19:40:28,808 [main] INFO AirwatchRun - Product is selected.
2017-11-22 19:40:31,035 [main] INFO AirwatchRun - Edit button clicked For ReActivation.
2017-11-22 19:40:34,233 [main] INFO AirwatchRun - Activate button Clicked.
2017-11-22 19:40:36,380 [main] INFO AirwatchRun - Fianl Activate button clicked.
2017-11-22 19:40:39,032 [main] INFO AirwatchRun - List View Menu clicked.
2017-11-22 19:40:41,420 [main] INFO AirwatchRun - Zpl is entered in List view Search box
2017-11-22 19:47:31,902 [main] INFO AirwatchRun - Username Entered.
2017-11-22 19:47:31,999 [main] INFO AirwatchRun - Password Entered.
2017-11-22 19:47:34,153 [main] INFO AirwatchRun - Sumbit Button Clicked.
2017-11-22 19:47:46,283 [main] INFO AirwatchRun - checking Popup Dialog is present or not in the console.
2017-11-22 19:47:46,284 [main] INFO AirwatchRun -  Popup dialog Appearence in the Airwatch Console ==> false
2017-11-22 19:47:48,613 [main] INFO AirwatchRun - Staging and Provisoining clicked.
2017-11-22 19:47:50,815 [main] INFO AirwatchRun - Product List view clicked
2017-11-22 19:48:00,832 [main] INFO AirwatchRun - fastcoke product is selected
2017-11-22 19:48:03,029 [main] INFO AirwatchRun - Edit button clicked
2017-11-22 19:48:05,212 [main] INFO AirwatchRun - Edit Rules Cliked
2017-11-22 19:48:13,235 [main] INFO AirwatchRun - Add Logical operator is clicked
2017-11-22 19:48:16,942 [main] INFO AirwatchRun - Add Rule button is clicked
2017-11-22 19:50:08,395 [main] INFO AirwatchRun - Right ZPL is entered into the Edit rules in Product Activation
2017-11-22 19:50:13,108 [main] INFO AirwatchRun - Save button clicked
2017-11-22 19:50:20,852 [main] INFO AirwatchRun - Activate button Clicked.
2017-11-22 19:50:23,283 [main] INFO AirwatchRun - Fianl Activate button clicked.
2017-11-22 19:50:26,058 [main] INFO AirwatchRun - List View Menu clicked.
2017-11-22 19:50:47,401 [main] INFO AirwatchRun - More dropDown Menu clicked.
2017-11-22 19:50:49,552 [main] INFO AirwatchRun - Products option Selected  in dropdown.
2017-11-22 19:50:51,435 [main] INFO AirwatchRun - Sleeping for 3 minutes.
2017-11-22 19:50:51,435 [main] INFO AirwatchRun - Sleep Time Over.
2017-11-22 19:51:00,079 [main] INFO AirwatchRun - Checking for queued Product...
2017-11-22 19:51:00,080 [main] INFO AirwatchRun - Product Queued is not found, Reactivating the Product.
2017-11-22 19:51:02,213 [main] INFO AirwatchRun - Clicking Staging and Provisioning Menu.
2017-11-22 19:53:46,044 [main] INFO AirwatchRun - Username Entered.
2017-11-22 19:53:46,146 [main] INFO AirwatchRun - Password Entered.
2017-11-22 19:53:48,308 [main] INFO AirwatchRun - Sumbit Button Clicked.
2017-11-22 19:54:00,720 [main] INFO AirwatchRun - checking Popup Dialog is present or not in the console.
2017-11-22 19:54:00,721 [main] INFO AirwatchRun -  Popup dialog Appearence in the Airwatch Console ==> false
2017-11-22 19:54:03,039 [main] INFO AirwatchRun - Staging and Provisoining clicked.
2017-11-22 19:54:05,276 [main] INFO AirwatchRun - Product List view clicked
2017-11-22 19:54:15,334 [main] INFO AirwatchRun - fastcoke product is selected
2017-11-22 19:54:17,500 [main] INFO AirwatchRun - Edit button clicked
2017-11-22 19:54:19,705 [main] INFO AirwatchRun - Edit Rules Cliked
2017-11-22 19:54:26,211 [main] INFO AirwatchRun - Add Logical operator is clicked
2017-11-22 19:54:30,075 [main] INFO AirwatchRun - Add Rule button is clicked
2017-11-22 19:54:47,079 [main] INFO AirwatchRun - Save button clicked
2017-11-22 19:54:55,131 [main] INFO AirwatchRun - Activate button Clicked.
2017-11-22 19:54:57,577 [main] INFO AirwatchRun - Fianl Activate button clicked.
2017-11-22 19:55:00,322 [main] INFO AirwatchRun - List View Menu clicked.
2017-11-22 19:55:19,401 [main] INFO AirwatchRun - More dropDown Menu clicked.
2017-11-22 19:55:21,507 [main] INFO AirwatchRun - Products option Selected  in dropdown.
2017-11-22 19:55:23,338 [main] INFO AirwatchRun - Sleeping for 3 minutes.
2017-11-22 19:55:23,339 [main] INFO AirwatchRun - Sleep Time Over.
2017-11-22 19:55:31,919 [main] INFO AirwatchRun - Checking for queued Product...
2017-11-22 19:55:31,921 [main] INFO AirwatchRun - Succesfully the product is queued and Succes Text file is created...
2017-11-22 19:55:31,921 [main] INFO AirwatchRun - Product ==> 01 ==> is Queued found.
2017-11-22 19:55:31,922 [main] INFO AirwatchRun - Successfully Completed the Product queuing Process...
2017-11-22 19:59:20,725 [main] INFO AirwatchRun - Username Entered.
2017-11-22 19:59:20,814 [main] INFO AirwatchRun - Password Entered.
2017-11-22 19:59:22,952 [main] INFO AirwatchRun - Sumbit Button Clicked.
2017-11-22 19:59:35,109 [main] INFO AirwatchRun - checking Popup Dialog is present or not in the console.
2017-11-22 19:59:35,110 [main] INFO AirwatchRun -  Popup dialog Appearence in the Airwatch Console ==> false
2017-11-22 19:59:37,435 [main] INFO AirwatchRun - Staging and Provisoining clicked.
2017-11-22 19:59:39,624 [main] INFO AirwatchRun - Product List view clicked
2017-11-22 20:12:41,509 [main] INFO AirwatchRun - Username Entered.
2017-11-22 20:12:41,611 [main] INFO AirwatchRun - Password Entered.
2017-11-22 20:12:43,761 [main] INFO AirwatchRun - Sumbit Button Clicked.
2017-11-22 20:12:56,143 [main] INFO AirwatchRun - checking Popup Dialog is present or not in the console.
2017-11-22 20:12:56,144 [main] INFO AirwatchRun -  Popup dialog Appearence in the Airwatch Console ==> false
2017-11-22 20:12:58,481 [main] INFO AirwatchRun - Staging and Provisoining clicked.
2017-11-22 20:13:09,575 [main] INFO AirwatchRun - Product List view clicked
2017-11-22 20:13:32,691 [main] ERROR AirwatchRun - An Exception has occured while creating ProductActivationError.txt text file --> 
java.io.FileNotFoundException: D:\WorkSpace_Selinum\Exe\ProductActivationError.txt (The system cannot find the path specified)
2017-11-22 20:14:57,687 [main] INFO AirwatchRun - Username Entered.
2017-11-22 20:14:57,782 [main] INFO AirwatchRun - Password Entered.
2017-11-22 20:14:59,932 [main] INFO AirwatchRun - Sumbit Button Clicked.
2017-11-22 20:15:12,123 [main] INFO AirwatchRun - checking Popup Dialog is present or not in the console.
2017-11-22 20:15:12,124 [main] INFO AirwatchRun -  Popup dialog Appearence in the Airwatch Console ==> false
2017-11-22 20:15:14,473 [main] INFO AirwatchRun - Staging and Provisoining clicked.
2017-11-22 20:15:16,660 [main] INFO AirwatchRun - Product List view clicked
2017-11-22 20:15:20,705 [main] ERROR AirwatchRun - An Exception has occured in getElement method --> org.openqa.selenium.WebDriverException: chrome not reachable
  (Session info: chrome=62.0.3202.94)
  (Driver info: chromedriver=2.33.506120 (e3e53437346286c0bc2d2dc9aa4915ba81d9023f),platform=Windows NT 6.1.7601 SP1 x86) (WARNING: The server did not provide any stacktrace information)
Command duration or timeout: 4.02 seconds
Build info: version: '2.53.0', revision: '35ae25b', time: '2016-03-15 17:00:58'
System info: host: 'MUMD20193', ip: '10.207.13.37', os.name: 'Windows 7', os.arch: 'x86', os.version: '6.1', java.version: '1.8.0_25'
Driver info: org.openqa.selenium.chrome.ChromeDriver
Capabilities [{applicationCacheEnabled=false, rotatable=false, mobileEmulationEnabled=false, networkConnectionEnabled=false, chrome={chromedriverVersion=2.33.506120 (e3e53437346286c0bc2d2dc9aa4915ba81d9023f), userDataDir=C:\Users\BCHELL~1.COR\AppData\Local\Temp\scoped_dir9988_512}, takesHeapSnapshot=true, pageLoadStrategy=normal, databaseEnabled=false, handlesAlerts=true, hasTouchScreen=false, version=62.0.3202.94, platform=XP, browserConnectionEnabled=false, nativeEvents=true, acceptSslCerts=true, locationContextEnabled=true, webStorageEnabled=true, browserName=chrome, takesScreenshot=true, javascriptEnabled=true, cssSelectorsEnabled=true, setWindowRect=true, unexpectedAlertBehaviour=}]
Session ID: 0f8feb212f19d9c341c8719e6a705bef
*** Element info: {Using=xpath, value=//input[@id='SearchText']}
2017-11-23 18:01:41,722 [main] INFO AirwatchRun - Username Entered.
2017-11-23 18:01:41,846 [main] INFO AirwatchRun - Password Entered.
2017-11-23 18:01:44,021 [main] INFO AirwatchRun - Sumbit Button Clicked.
2017-11-23 18:01:57,160 [main] INFO AirwatchRun - checking Popup Dialog is present or not in the console.
2017-11-23 18:01:57,161 [main] INFO AirwatchRun -  Popup dialog Appearence in the Airwatch Console ==> false
2017-11-23 18:01:59,530 [main] INFO AirwatchRun - Staging and Provisoining clicked.
2017-11-23 18:02:01,696 [main] INFO AirwatchRun - Product List view clicked
2017-11-23 18:02:13,101 [main] INFO AirwatchRun - fastcoke product is selected
2017-11-23 18:02:15,276 [main] INFO AirwatchRun - Edit button clicked
2017-11-23 18:02:15,339 [main] INFO AirwatchRun - New Product Clicking Add Rules.
2017-11-23 18:03:40,411 [main] INFO AirwatchRun - Save button clicked
2017-11-23 18:03:43,199 [main] INFO AirwatchRun - Activate button Clicked.
2017-11-23 18:03:45,692 [main] INFO AirwatchRun - Fianl Activate button clicked.
2017-11-23 18:07:29,884 [main] INFO AirwatchRun - Username Entered.
2017-11-23 18:07:29,961 [main] INFO AirwatchRun - Password Entered.
2017-11-23 18:07:32,097 [main] INFO AirwatchRun - Sumbit Button Clicked.
2017-11-23 18:07:44,771 [main] INFO AirwatchRun - checking Popup Dialog is present or not in the console.
2017-11-23 18:07:44,772 [main] INFO AirwatchRun -  Popup dialog Appearence in the Airwatch Console ==> false
2017-11-23 18:07:47,088 [main] INFO AirwatchRun - Staging and Provisoining clicked.
2017-11-23 18:07:49,263 [main] INFO AirwatchRun - Product List view clicked
2017-11-23 18:07:59,519 [main] INFO AirwatchRun - fastcoke product is selected
2017-11-23 18:08:01,673 [main] INFO AirwatchRun - Edit button clicked
2017-11-23 18:08:01,674 [main] INFO AirwatchRun - Checking Wether the Product has already assigned rules or not
2017-11-23 18:08:01,730 [main] INFO AirwatchRun - New Product Clicking Add Rules.
2017-11-23 18:12:11,352 [main] INFO AirwatchRun - Username Entered.
2017-11-23 18:12:11,434 [main] INFO AirwatchRun - Password Entered.
2017-11-23 18:12:13,567 [main] INFO AirwatchRun - Sumbit Button Clicked.
2017-11-23 18:12:26,215 [main] INFO AirwatchRun - checking Popup Dialog is present or not in the console.
2017-11-23 18:12:26,216 [main] INFO AirwatchRun -  Popup dialog Appearence in the Airwatch Console ==> false
2017-11-23 18:12:28,567 [main] INFO AirwatchRun - Staging and Provisoining clicked.
2017-11-23 18:12:30,762 [main] INFO AirwatchRun - Product List view clicked
2017-11-23 18:12:40,991 [main] INFO AirwatchRun - fastcoke product is selected
2017-11-23 18:12:43,245 [main] INFO AirwatchRun - Edit button clicked
2017-11-23 18:12:43,246 [main] INFO AirwatchRun - Checking Wether the Product has already assigned rules or not
2017-11-23 18:12:43,302 [main] INFO AirwatchRun - It is New Product Clicking Add Rules.
2017-11-23 18:13:14,938 [main] INFO AirwatchRun - Add Rules Button is Clicked.
2017-11-23 18:13:19,106 [main] INFO AirwatchRun - Save button clicked
2017-11-23 18:13:19,285 [main] ERROR AirwatchRun - An Exception has occured in doAction method --> org.openqa.selenium.WebDriverException: unknown error: Element <button class="button large emphasis branded-highlight-bg branded-highlight-item" name="saveAnd..." type="submit" value="Activate">Activate</button> is not clickable at point (715, 700). Other element would receive the click: <div class="actions" align="center">...</div>
  (Session info: chrome=62.0.3202.94)
  (Driver info: chromedriver=2.33.506120 (e3e53437346286c0bc2d2dc9aa4915ba81d9023f),platform=Windows NT 6.1.7601 SP1 x86) (WARNING: The server did not provide any stacktrace information)
Command duration or timeout: 44 milliseconds
Build info: version: '2.53.0', revision: '35ae25b', time: '2016-03-15 17:00:58'
System info: host: 'MUMD20193', ip: '10.207.13.37', os.name: 'Windows 7', os.arch: 'x86', os.version: '6.1', java.version: '1.8.0_25'
Driver info: org.openqa.selenium.chrome.ChromeDriver
Capabilities [{applicationCacheEnabled=false, rotatable=false, mobileEmulationEnabled=false, networkConnectionEnabled=false, chrome={chromedriverVersion=2.33.506120 (e3e53437346286c0bc2d2dc9aa4915ba81d9023f), userDataDir=C:\Users\BCHELL~1.COR\AppData\Local\Temp\scoped_dir5976_17868}, takesHeapSnapshot=true, pageLoadStrategy=normal, databaseEnabled=false, handlesAlerts=true, hasTouchScreen=false, version=62.0.3202.94, platform=XP, browserConnectionEnabled=false, nativeEvents=true, acceptSslCerts=true, locationContextEnabled=true, webStorageEnabled=true, browserName=chrome, takesScreenshot=true, javascriptEnabled=true, cssSelectorsEnabled=true, setWindowRect=true, unexpectedAlertBehaviour=}]
Session ID: f5c11936f7482c5357c48fb76007c095
2017-11-23 18:17:17,957 [main] INFO AirwatchRun - Username Entered.
2017-11-23 18:17:18,038 [main] INFO AirwatchRun - Password Entered.
2017-11-23 18:17:20,170 [main] INFO AirwatchRun - Sumbit Button Clicked.
2017-11-23 18:17:32,790 [main] INFO AirwatchRun - checking Popup Dialog is present or not in the console.
2017-11-23 18:17:32,791 [main] INFO AirwatchRun -  Popup dialog Appearence in the Airwatch Console ==> false
2017-11-23 18:17:35,125 [main] INFO AirwatchRun - Staging and Provisoining clicked.
2017-11-23 18:17:37,293 [main] INFO AirwatchRun - Product List view clicked
2017-11-23 18:17:47,527 [main] INFO AirwatchRun - fastcoke product is selected
2017-11-23 18:17:49,714 [main] INFO AirwatchRun - Edit button clicked
2017-11-23 18:17:49,715 [main] INFO AirwatchRun - Checking Wether the Product has already assigned rules or not
2017-11-23 18:17:49,766 [main] INFO AirwatchRun - It is New Product Clicking Add Rules.
2017-11-23 18:18:21,530 [main] INFO AirwatchRun - Add Rules Button is Clicked.
2017-11-23 18:18:25,716 [main] INFO AirwatchRun - Save button clicked
2017-11-23 18:18:25,894 [main] ERROR AirwatchRun - An Exception has occured in doAction method --> org.openqa.selenium.WebDriverException: unknown error: Element <button class="button large emphasis branded-highlight-bg branded-highlight-item" name="saveAnd..." type="submit" value="Activate">Activate</button> is not clickable at point (715, 700). Other element would receive the click: <div class="actions" align="center">...</div>
  (Session info: chrome=62.0.3202.94)
  (Driver info: chromedriver=2.33.506120 (e3e53437346286c0bc2d2dc9aa4915ba81d9023f),platform=Windows NT 6.1.7601 SP1 x86) (WARNING: The server did not provide any stacktrace information)
Command duration or timeout: 47 milliseconds
Build info: version: '2.53.0', revision: '35ae25b', time: '2016-03-15 17:00:58'
System info: host: 'MUMD20193', ip: '10.207.13.37', os.name: 'Windows 7', os.arch: 'x86', os.version: '6.1', java.version: '1.8.0_25'
Driver info: org.openqa.selenium.chrome.ChromeDriver
Capabilities [{applicationCacheEnabled=false, rotatable=false, mobileEmulationEnabled=false, networkConnectionEnabled=false, chrome={chromedriverVersion=2.33.506120 (e3e53437346286c0bc2d2dc9aa4915ba81d9023f), userDataDir=C:\Users\BCHELL~1.COR\AppData\Local\Temp\scoped_dir5840_21606}, takesHeapSnapshot=true, pageLoadStrategy=normal, databaseEnabled=false, handlesAlerts=true, hasTouchScreen=false, version=62.0.3202.94, platform=XP, browserConnectionEnabled=false, nativeEvents=true, acceptSslCerts=true, locationContextEnabled=true, webStorageEnabled=true, browserName=chrome, takesScreenshot=true, javascriptEnabled=true, cssSelectorsEnabled=true, setWindowRect=true, unexpectedAlertBehaviour=}]
Session ID: e8e9045ed8648ea21a001fbed9a86a87
2017-11-23 18:21:19,842 [main] INFO AirwatchRun - Username Entered.
2017-11-23 18:21:19,920 [main] INFO AirwatchRun - Password Entered.
2017-11-23 18:21:22,055 [main] INFO AirwatchRun - Sumbit Button Clicked.
2017-11-23 18:21:34,772 [main] INFO AirwatchRun - checking Popup Dialog is present or not in the console.
2017-11-23 18:21:34,772 [main] INFO AirwatchRun -  Popup dialog Appearence in the Airwatch Console ==> false
2017-11-23 18:21:37,111 [main] INFO AirwatchRun - Staging and Provisoining clicked.
2017-11-23 18:21:39,295 [main] INFO AirwatchRun - Product List view clicked
2017-11-23 18:21:49,632 [main] INFO AirwatchRun - fastcoke product is selected
2017-11-23 18:21:51,822 [main] INFO AirwatchRun - Edit button clicked
2017-11-23 18:21:51,823 [main] INFO AirwatchRun - Checking Wether the Product has already assigned rules or not
2017-11-23 18:21:51,873 [main] INFO AirwatchRun - It is New Product Clicking Add Rules.
2017-11-23 18:22:14,413 [main] INFO AirwatchRun - Add Rules Button is Clicked.
2017-11-23 18:24:03,414 [main] INFO AirwatchRun - Right ZPL is entered into the Edit rules in Product Activation
2017-11-23 18:24:08,017 [main] INFO AirwatchRun - Save button clicked
2017-11-23 18:24:10,888 [main] INFO AirwatchRun - Activate button Clicked.
2017-11-23 18:24:13,326 [main] INFO AirwatchRun - Fianl Activate button clicked.
2017-11-23 18:24:58,098 [main] INFO AirwatchRun - Username Entered.
2017-11-23 18:24:58,177 [main] INFO AirwatchRun - Password Entered.
2017-11-23 18:25:00,312 [main] INFO AirwatchRun - Sumbit Button Clicked.
2017-11-23 18:25:12,645 [main] INFO AirwatchRun - checking Popup Dialog is present or not in the console.
2017-11-23 18:25:12,646 [main] INFO AirwatchRun -  Popup dialog Appearence in the Airwatch Console ==> false
2017-11-23 18:25:14,986 [main] INFO AirwatchRun - Staging and Provisoining clicked.
2017-11-23 18:25:17,195 [main] INFO AirwatchRun - Product List view clicked
2017-11-23 18:25:27,569 [main] INFO AirwatchRun - fastcoke product is selected
2017-11-23 18:25:29,775 [main] INFO AirwatchRun - Edit button clicked
2017-11-23 18:25:29,776 [main] INFO AirwatchRun - Checking Wether the Product has already assigned rules or not
2017-11-23 18:25:29,863 [main] INFO AirwatchRun - It is New Product Clicking Add Rules.
2017-11-23 18:25:29,919 [main] ERROR AirwatchRun - An Exception has occured in doAction method --> org.openqa.selenium.ElementNotVisibleException: element not visible
  (Session info: chrome=62.0.3202.94)
  (Driver info: chromedriver=2.33.506120 (e3e53437346286c0bc2d2dc9aa4915ba81d9023f),platform=Windows NT 6.1.7601 SP1 x86) (WARNING: The server did not provide any stacktrace information)
Command duration or timeout: 34 milliseconds
Build info: version: '2.53.0', revision: '35ae25b', time: '2016-03-15 17:00:58'
System info: host: 'MUMD20193', ip: '10.207.13.37', os.name: 'Windows 7', os.arch: 'x86', os.version: '6.1', java.version: '1.8.0_25'
Driver info: org.openqa.selenium.chrome.ChromeDriver
Capabilities [{applicationCacheEnabled=false, rotatable=false, mobileEmulationEnabled=false, networkConnectionEnabled=false, chrome={chromedriverVersion=2.33.506120 (e3e53437346286c0bc2d2dc9aa4915ba81d9023f), userDataDir=C:\Users\BCHELL~1.COR\AppData\Local\Temp\scoped_dir6400_30426}, takesHeapSnapshot=true, pageLoadStrategy=normal, databaseEnabled=false, handlesAlerts=true, hasTouchScreen=false, version=62.0.3202.94, platform=XP, browserConnectionEnabled=false, nativeEvents=true, acceptSslCerts=true, locationContextEnabled=true, webStorageEnabled=true, browserName=chrome, takesScreenshot=true, javascriptEnabled=true, cssSelectorsEnabled=true, setWindowRect=true, unexpectedAlertBehaviour=}]
Session ID: 92d0fa9a7207874037378965b6372255
2017-11-23 18:32:17,962 [main] INFO AirwatchRun - Username Entered.
2017-11-23 18:32:18,057 [main] INFO AirwatchRun - Password Entered.
2017-11-23 18:32:20,217 [main] INFO AirwatchRun - Sumbit Button Clicked.
2017-11-23 18:32:33,065 [main] INFO AirwatchRun - checking Popup Dialog is present or not in the console.
2017-11-23 18:32:33,066 [main] INFO AirwatchRun -  Popup dialog Appearence in the Airwatch Console ==> false
2017-11-23 18:32:35,399 [main] INFO AirwatchRun - Staging and Provisoining clicked.
2017-11-23 18:32:37,583 [main] INFO AirwatchRun - Product List view clicked
2017-11-23 18:32:47,774 [main] INFO AirwatchRun - fastcoke product is selected
2017-11-23 18:32:49,998 [main] INFO AirwatchRun - Edit button clicked
2017-11-23 18:32:49,999 [main] INFO AirwatchRun - Checking Wether the Product has already assigned rules or not
2017-11-23 18:32:50,104 [main] INFO AirwatchRun - It is Existing Product Clicking Edit Rules.
2017-11-23 18:33:15,410 [main] INFO AirwatchRun - Add Rules Button is Clicked.
2017-11-23 18:36:46,864 [main] INFO AirwatchRun - Username Entered.
2017-11-23 18:36:46,962 [main] INFO AirwatchRun - Password Entered.
2017-11-23 18:36:49,111 [main] INFO AirwatchRun - Sumbit Button Clicked.
2017-11-23 18:37:01,507 [main] INFO AirwatchRun - checking Popup Dialog is present or not in the console.
2017-11-23 18:37:01,508 [main] INFO AirwatchRun -  Popup dialog Appearence in the Airwatch Console ==> false
2017-11-23 18:37:03,864 [main] INFO AirwatchRun - Staging and Provisoining clicked.
2017-11-23 18:37:06,057 [main] INFO AirwatchRun - Product List view clicked
2017-11-23 18:37:16,225 [main] INFO AirwatchRun - fastcoke product is selected
2017-11-23 18:37:18,408 [main] INFO AirwatchRun - Edit button clicked
2017-11-23 18:37:18,410 [main] INFO AirwatchRun - Checking Wether the Product has already assigned rules or not
2017-11-23 18:37:18,549 [main] INFO AirwatchRun - It is Existing Product Clicking Edit Rules.
2017-11-23 18:37:32,627 [main] INFO AirwatchRun - Add Rule is Clicked.
2017-11-23 18:37:34,795 [main] INFO AirwatchRun - Add Rules Button is Clicked.
2017-11-23 19:39:45,490 [main] INFO AirwatchRun - Username Entered.
2017-11-23 19:39:45,589 [main] INFO AirwatchRun - Password Entered.
2017-11-23 19:39:47,722 [main] INFO AirwatchRun - Sumbit Button Clicked.
2017-11-23 19:40:00,381 [main] INFO AirwatchRun - checking Popup Dialog is present or not in the console.
2017-11-23 19:40:00,382 [main] INFO AirwatchRun -  Popup dialog Appearence in the Airwatch Console ==> false
2017-11-23 19:40:02,722 [main] INFO AirwatchRun - Staging and Provisoining clicked.
2017-11-23 19:40:04,911 [main] INFO AirwatchRun - Product List view clicked
2017-11-23 19:40:16,177 [main] INFO AirwatchRun - fastcoke product is selected
2017-11-23 19:40:18,379 [main] INFO AirwatchRun - Edit button clicked
2017-11-23 19:40:18,380 [main] INFO AirwatchRun - Checking Wether the Product has already assigned rules or not
2017-11-23 19:40:18,512 [main] INFO AirwatchRun - It is Existing Product Clicking Edit Rules.
2017-11-23 19:40:32,628 [main] INFO AirwatchRun - Add Rule is Clicked.
2017-11-23 19:40:34,706 [main] INFO AirwatchRun - Add Rules Button is Clicked.
2017-11-23 19:48:53,958 [main] INFO AirwatchRun - Username Entered.
2017-11-23 19:48:54,065 [main] INFO AirwatchRun - Password Entered.
2017-11-23 19:48:56,224 [main] INFO AirwatchRun - Sumbit Button Clicked.
2017-11-23 19:49:08,848 [main] INFO AirwatchRun - checking Popup Dialog is present or not in the console.
2017-11-23 19:49:08,849 [main] INFO AirwatchRun -  Popup dialog Appearence in the Airwatch Console ==> false
2017-11-23 19:49:11,198 [main] INFO AirwatchRun - Staging and Provisoining clicked.
2017-11-23 19:49:13,400 [main] INFO AirwatchRun - Product List view clicked
2017-11-23 19:49:23,641 [main] INFO AirwatchRun - fastcoke product is selected
2017-11-23 19:49:25,828 [main] INFO AirwatchRun - Edit button clicked
2017-11-23 19:49:25,829 [main] INFO AirwatchRun - Checking Wether the Product has already assigned rules or not
2017-11-23 19:49:26,007 [main] INFO AirwatchRun - It is Existing Product Clicking Edit Rules.
2017-11-23 19:49:40,322 [main] INFO AirwatchRun - Add Logical Operator is Clicked.
2017-11-23 19:49:42,488 [main] INFO AirwatchRun - Add Rule Button is Clicked.
2017-11-23 19:51:37,853 [main] INFO AirwatchRun - Right ZPL is entered into the Edit rules in Product Activation
2017-11-23 19:51:42,689 [main] INFO AirwatchRun - Save button clicked
2017-11-23 19:51:48,033 [main] INFO AirwatchRun - Activate button Clicked.
2017-11-23 19:51:50,540 [main] INFO AirwatchRun - Fianl Activate button clicked.
2017-11-23 19:51:53,286 [main] INFO AirwatchRun - List View Menu clicked.
2017-11-23 20:01:27,046 [main] INFO AirwatchRun - Username Entered.
2017-11-23 20:01:27,138 [main] INFO AirwatchRun - Password Entered.
2017-11-23 20:01:29,283 [main] INFO AirwatchRun - Sumbit Button Clicked.
2017-11-23 20:01:42,007 [main] INFO AirwatchRun - checking Popup Dialog is present or not in the console.
2017-11-23 20:01:42,008 [main] INFO AirwatchRun -  Popup dialog Appearence in the Airwatch Console ==> false
2017-11-23 20:01:44,338 [main] INFO AirwatchRun - Staging and Provisoining clicked.
2017-11-23 20:01:46,522 [main] INFO AirwatchRun - Product List view clicked
2017-11-23 20:01:56,689 [main] INFO AirwatchRun - fastcoke product is selected
2017-11-23 20:01:58,868 [main] INFO AirwatchRun - Edit button clicked
2017-11-23 20:01:58,869 [main] INFO AirwatchRun - Checking Wether the Product has already assigned rules or not
2017-11-23 20:01:58,982 [main] INFO AirwatchRun - It is Existing Product Clicking Edit Rules.
2017-11-23 20:02:05,925 [main] INFO AirwatchRun - Add Logical Operator is Clicked.
2017-11-23 20:02:08,258 [main] INFO AirwatchRun - Add Rule Button is Clicked.
2017-11-23 20:03:57,942 [main] INFO AirwatchRun - Right ZPL is entered into the Edit rules in Product Activation
2017-11-23 20:04:02,615 [main] INFO AirwatchRun - Save button clicked
2017-11-23 20:04:11,030 [main] INFO AirwatchRun - Activate button Clicked.
2017-11-23 20:04:14,036 [main] INFO AirwatchRun - Fianl Activate button clicked.
2017-11-23 20:04:14,639 [main] INFO AirwatchRun - Product ==> 01 ==> is Queued found.
2017-11-23 20:04:16,829 [main] INFO AirwatchRun - Staging and Provisoining clicked.
2017-11-23 20:05:17,367 [main] ERROR AirwatchRun - An Exception has occured in getElement method --> org.openqa.selenium.TimeoutException: Timed out after 60 seconds waiting for visibility of element located by By.xpath: //a[text()='Product List View']
Build info: version: '2.53.0', revision: '35ae25b', time: '2016-03-15 17:00:58'
System info: host: 'MUMD20193', ip: '10.207.13.37', os.name: 'Windows 7', os.arch: 'x86', os.version: '6.1', java.version: '1.8.0_25'
Driver info: org.openqa.selenium.chrome.ChromeDriver
Capabilities [{applicationCacheEnabled=false, rotatable=false, mobileEmulationEnabled=false, networkConnectionEnabled=false, chrome={chromedriverVersion=2.33.506120 (e3e53437346286c0bc2d2dc9aa4915ba81d9023f), userDataDir=C:\Users\BCHELL~1.COR\AppData\Local\Temp\scoped_dir8044_12204}, takesHeapSnapshot=true, pageLoadStrategy=normal, databaseEnabled=false, handlesAlerts=true, hasTouchScreen=false, version=62.0.3202.94, platform=XP, browserConnectionEnabled=false, nativeEvents=true, acceptSslCerts=true, locationContextEnabled=true, webStorageEnabled=true, browserName=chrome, takesScreenshot=true, javascriptEnabled=true, cssSelectorsEnabled=true, setWindowRect=true, unexpectedAlertBehaviour=}]
Session ID: e78af10907c1670ffb46802bf0ca1305
2017-11-23 20:10:59,902 [main] INFO AirwatchRun - Username Entered.
2017-11-23 20:10:59,980 [main] INFO AirwatchRun - Password Entered.
2017-11-23 20:11:02,112 [main] INFO AirwatchRun - Sumbit Button Clicked.
2017-11-23 20:11:14,445 [main] INFO AirwatchRun - checking Popup Dialog is present or not in the console.
2017-11-23 20:11:14,445 [main] INFO AirwatchRun -  Popup dialog Appearence in the Airwatch Console ==> false
2017-11-23 20:11:16,752 [main] INFO AirwatchRun - Staging and Provisoining clicked.
2017-11-23 20:11:18,938 [main] INFO AirwatchRun - Product List view clicked
2017-11-23 20:11:29,213 [main] INFO AirwatchRun - fastcoke product is selected
2017-11-23 20:11:31,420 [main] INFO AirwatchRun - Edit button clicked
2017-11-23 20:11:31,421 [main] INFO AirwatchRun - Checking Wether the Product has already assigned rules or not
2017-11-23 20:11:31,503 [main] INFO AirwatchRun - It is New Product Clicking Add Rules.
2017-11-23 20:11:54,595 [main] INFO AirwatchRun - Add Rule Button is Clicked.
2017-11-23 20:13:38,725 [main] INFO AirwatchRun - Right ZPL is entered into the Edit rules in Product Activation
2017-11-23 20:13:43,037 [main] INFO AirwatchRun - Save button clicked
2017-11-23 20:13:46,121 [main] INFO AirwatchRun - Activate button Clicked.
2017-11-23 20:13:48,572 [main] INFO AirwatchRun - Fianl Activate button clicked.
2017-11-23 20:13:49,747 [main] INFO AirwatchRun - Product ==> 01 ==> is Queued found.
2017-11-23 20:13:51,921 [main] INFO AirwatchRun - Staging and Provisoining clicked.
2017-11-23 20:13:54,674 [main] INFO AirwatchRun - Product List view clicked
2017-11-23 20:14:05,237 [main] INFO AirwatchRun - fastcoke product is selected
2017-11-23 20:14:07,425 [main] INFO AirwatchRun - Edit button clicked
2017-11-23 20:14:07,426 [main] INFO AirwatchRun - Checking Wether the Product has already assigned rules or not
2017-11-23 20:14:07,588 [main] INFO AirwatchRun - It is Existing Product Clicking Edit Rules.
2017-11-23 20:14:19,319 [main] INFO AirwatchRun - Add Logical Operator is Clicked.
2017-11-23 20:14:21,648 [main] INFO AirwatchRun - Add Rule Button is Clicked.
2017-11-23 20:16:17,120 [main] INFO AirwatchRun - Right ZPL is entered into the Edit rules in Product Activation
2017-11-23 20:16:21,727 [main] INFO AirwatchRun - Save button clicked
2017-11-23 20:16:35,684 [main] INFO AirwatchRun - Activate button Clicked.
2017-11-23 20:16:38,148 [main] INFO AirwatchRun - Fianl Activate button clicked.
2017-11-23 20:16:38,758 [main] INFO AirwatchRun - Product ==> 11 ==> is Queued found.
2017-11-23 20:16:40,964 [main] INFO AirwatchRun - Staging and Provisoining clicked.
2017-11-23 20:16:43,709 [main] INFO AirwatchRun - Product List view clicked
2017-11-23 20:16:54,392 [main] INFO AirwatchRun - fastcoke product is selected
2017-11-23 20:16:56,576 [main] INFO AirwatchRun - Edit button clicked
2017-11-23 20:16:56,577 [main] INFO AirwatchRun - Checking Wether the Product has already assigned rules or not
2017-11-23 20:16:56,832 [main] INFO AirwatchRun - It is Existing Product Clicking Edit Rules.
2017-11-23 20:17:10,958 [main] INFO AirwatchRun - Add Logical Operator is Clicked.
2017-11-23 20:17:13,145 [main] INFO AirwatchRun - Add Rule Button is Clicked.
2017-11-23 20:19:05,497 [main] INFO AirwatchRun - Right ZPL is entered into the Edit rules in Product Activation
2017-11-23 20:19:10,279 [main] INFO AirwatchRun - Save button clicked
2017-11-23 20:19:16,144 [main] INFO AirwatchRun - Activate button Clicked.
2017-11-23 20:19:18,589 [main] INFO AirwatchRun - Fianl Activate button clicked.
2017-11-23 20:19:19,179 [main] INFO AirwatchRun - Product ==> 21 ==> is Queued found.
2017-11-23 20:19:19,182 [main] INFO AirwatchRun - Successfully Completed the Product queuing Process...
